This is pdfTeX, Version 3.14159265-2.6-1.40.21 (MiKTeX 2.9.7400 64-bit) (preloaded format=pdflatex 2020.5.4)  20 MAY 2021 21:33
entering extended mode
**./estadistica_2021.tex
(estadistica_2021.tex
LaTeX2e <2020-02-02> patch level 5
L3 programming layer <2020-04-06>
("C:\Users\dredondo\AppData\Local\Programs\MiKTeX 2.9\tex/latex/beamer\beamer.c
ls"
Document Class: beamer 2019/09/29 v3.57 A class for typesetting presentations

("C:\Users\dredondo\AppData\Local\Programs\MiKTeX 2.9\tex/latex/beamer\beamerba
semodes.sty"
("C:\Users\dredondo\AppData\Local\Programs\MiKTeX 2.9\tex/latex/etoolbox\etoolb
ox.sty"
Package: etoolbox 2019/09/21 v2.5h e-TeX tools for LaTeX (JAW)
\etb@tempcnta=\count167
)
\beamer@tempbox=\box45
\beamer@tempcount=\count168
\c@beamerpauses=\count169

("C:\Users\dredondo\AppData\Local\Programs\MiKTeX 2.9\tex/latex/beamer\beamerba
sedecode.sty"
\beamer@slideinframe=\count170
\beamer@minimum=\count171
\beamer@decode@box=\box46
)
\beamer@commentbox=\box47
\beamer@modecount=\count172
)
("C:\Users\dredondo\AppData\Local\Programs\MiKTeX 2.9\tex/generic/iftex\ifpdf.s
ty"
Package: ifpdf 2019/10/25 v3.4 ifpdf legacy package. Use iftex instead.

("C:\Users\dredondo\AppData\Local\Programs\MiKTeX 2.9\tex/generic/iftex\iftex.s
ty"
Package: iftex 2020/03/06 v1.0d TeX engine tests
))
\headdp=\dimen134
\footheight=\dimen135
\sidebarheight=\dimen136
\beamer@tempdim=\dimen137
\beamer@finalheight=\dimen138
\beamer@animht=\dimen139
\beamer@animdp=\dimen140
\beamer@animwd=\dimen141
\beamer@leftmargin=\dimen142
\beamer@rightmargin=\dimen143
\beamer@leftsidebar=\dimen144
\beamer@rightsidebar=\dimen145
\beamer@boxsize=\dimen146
\beamer@vboxoffset=\dimen147
\beamer@descdefault=\dimen148
\beamer@descriptionwidth=\dimen149
\beamer@lastskip=\skip47
\beamer@areabox=\box48
\beamer@animcurrent=\box49
\beamer@animshowbox=\box50
\beamer@sectionbox=\box51
\beamer@logobox=\box52
\beamer@linebox=\box53
\beamer@sectioncount=\count173
\beamer@subsubsectionmax=\count174
\beamer@subsectionmax=\count175
\beamer@sectionmax=\count176
\beamer@totalheads=\count177
\beamer@headcounter=\count178
\beamer@partstartpage=\count179
\beamer@sectionstartpage=\count180
\beamer@subsectionstartpage=\count181
\beamer@animationtempa=\count182
\beamer@animationtempb=\count183
\beamer@xpos=\count184
\beamer@ypos=\count185
\beamer@ypos@offset=\count186
\beamer@showpartnumber=\count187
\beamer@currentsubsection=\count188
\beamer@coveringdepth=\count189
\beamer@sectionadjust=\count190
\beamer@tocsectionnumber=\count191

("C:\Users\dredondo\AppData\Local\Programs\MiKTeX 2.9\tex/latex/beamer\beamerba
seoptions.sty"
("C:\Users\dredondo\AppData\Local\Programs\MiKTeX 2.9\tex/latex/graphics\keyval
.sty"
Package: keyval 2014/10/28 v1.15 key=value parser (DPC)
\KV@toks@=\toks15
))
\beamer@paperwidth=\skip48
\beamer@paperheight=\skip49

("C:\Users\dredondo\AppData\Local\Programs\MiKTeX 2.9\tex/latex/geometry\geomet
ry.sty"
Package: geometry 2020/01/02 v5.9 Page Geometry

("C:\Users\dredondo\AppData\Local\Programs\MiKTeX 2.9\tex/generic/iftex\ifvtex.
sty"
Package: ifvtex 2019/10/25 v1.7 ifvtex legacy package. Use iftex instead.
)
\Gm@cnth=\count192
\Gm@cntv=\count193
\c@Gm@tempcnt=\count194
\Gm@bindingoffset=\dimen150
\Gm@wd@mp=\dimen151
\Gm@odd@mp=\dimen152
\Gm@even@mp=\dimen153
\Gm@layoutwidth=\dimen154
\Gm@layoutheight=\dimen155
\Gm@layouthoffset=\dimen156
\Gm@layoutvoffset=\dimen157
\Gm@dimlist=\toks16

("C:\Users\dredondo\AppData\Local\Programs\MiKTeX 2.9\tex/latex/geometry\geomet
ry.cfg"))
("C:\Users\dredondo\AppData\Local\Programs\MiKTeX 2.9\tex/latex/base\size11.clo
"
File: size11.clo 2019/12/20 v1.4l Standard LaTeX file (size option)
)
("C:\Users\dredondo\AppData\Local\Programs\MiKTeX 2.9\tex/latex/pgf/basiclayer\
pgfcore.sty"
("C:\Users\dredondo\AppData\Local\Programs\MiKTeX 2.9\tex/latex/graphics\graphi
cx.sty"
Package: graphicx 2019/11/30 v1.2a Enhanced LaTeX Graphics (DPC,SPQR)

("C:\Users\dredondo\AppData\Local\Programs\MiKTeX 2.9\tex/latex/graphics\graphi
cs.sty"
Package: graphics 2019/11/30 v1.4a Standard LaTeX Graphics (DPC,SPQR)

("C:\Users\dredondo\AppData\Local\Programs\MiKTeX 2.9\tex/latex/graphics\trig.s
ty"
Package: trig 2016/01/03 v1.10 sin cos tan (DPC)
)
("C:\Users\dredondo\AppData\Local\Programs\MiKTeX 2.9\tex/latex/graphics-cfg\gr
aphics.cfg"
File: graphics.cfg 2016/06/04 v1.11 sample graphics configuration
)
Package graphics Info: Driver file: pdftex.def on input line 105.

("C:\Users\dredondo\AppData\Local\Programs\MiKTeX 2.9\tex/latex/graphics-def\pd
ftex.def"
File: pdftex.def 2018/01/08 v1.0l Graphics/color driver for pdftex
))
\Gin@req@height=\dimen158
\Gin@req@width=\dimen159
)
("C:\Users\dredondo\AppData\Local\Programs\MiKTeX 2.9\tex/latex/pgf/systemlayer
\pgfsys.sty"
("C:\Users\dredondo\AppData\Local\Programs\MiKTeX 2.9\tex/latex/pgf/utilities\p
gfrcs.sty"
("C:\Users\dredondo\AppData\Local\Programs\MiKTeX 2.9\tex/generic/pgf/utilities
\pgfutil-common.tex"
\pgfutil@everybye=\toks17
\pgfutil@tempdima=\dimen160
\pgfutil@tempdimb=\dimen161

("C:\Users\dredondo\AppData\Local\Programs\MiKTeX 2.9\tex/generic/pgf/utilities
\pgfutil-common-lists.tex"))
("C:\Users\dredondo\AppData\Local\Programs\MiKTeX 2.9\tex/generic/pgf/utilities
\pgfutil-latex.def"
\pgfutil@abb=\box54

("C:\Users\dredondo\AppData\Local\Programs\MiKTeX 2.9\tex/latex/ms\everyshi.sty
"
Package: everyshi 2001/05/15 v3.00 EveryShipout Package (MS)
))
("C:\Users\dredondo\AppData\Local\Programs\MiKTeX 2.9\tex/generic/pgf/utilities
\pgfrcs.code.tex"
("C:\Users\dredondo\AppData\Local\Programs\MiKTeX 2.9\tex/generic/pgf\pgf.revis
ion.tex")
Package: pgfrcs 2020/01/08 v3.1.5b (3.1.5b)
))
("C:\Users\dredondo\AppData\Local\Programs\MiKTeX 2.9\tex/generic/pgf/systemlay
er\pgfsys.code.tex"
Package: pgfsys 2020/01/08 v3.1.5b (3.1.5b)

("C:\Users\dredondo\AppData\Local\Programs\MiKTeX 2.9\tex/generic/pgf/utilities
\pgfkeys.code.tex"
\pgfkeys@pathtoks=\toks18
\pgfkeys@temptoks=\toks19

("C:\Users\dredondo\AppData\Local\Programs\MiKTeX 2.9\tex/generic/pgf/utilities
\pgfkeysfiltered.code.tex"
\pgfkeys@tmptoks=\toks20
))
\pgf@x=\dimen162
\pgf@y=\dimen163
\pgf@xa=\dimen164
\pgf@ya=\dimen165
\pgf@xb=\dimen166
\pgf@yb=\dimen167
\pgf@xc=\dimen168
\pgf@yc=\dimen169
\pgf@xd=\dimen170
\pgf@yd=\dimen171
\w@pgf@writea=\write3
\r@pgf@reada=\read2
\c@pgf@counta=\count195
\c@pgf@countb=\count196
\c@pgf@countc=\count197
\c@pgf@countd=\count198
\t@pgf@toka=\toks21
\t@pgf@tokb=\toks22
\t@pgf@tokc=\toks23
\pgf@sys@id@count=\count199

("C:\Users\dredondo\AppData\Local\Programs\MiKTeX 2.9\tex/generic/pgf/systemlay
er\pgf.cfg"
File: pgf.cfg 2020/01/08 v3.1.5b (3.1.5b)
)
Driver file for pgf: pgfsys-pdftex.def

("C:\Users\dredondo\AppData\Local\Programs\MiKTeX 2.9\tex/generic/pgf/systemlay
er\pgfsys-pdftex.def"
File: pgfsys-pdftex.def 2020/01/08 v3.1.5b (3.1.5b)

("C:\Users\dredondo\AppData\Local\Programs\MiKTeX 2.9\tex/generic/pgf/systemlay
er\pgfsys-common-pdf.def"
File: pgfsys-common-pdf.def 2020/01/08 v3.1.5b (3.1.5b)
)))
("C:\Users\dredondo\AppData\Local\Programs\MiKTeX 2.9\tex/generic/pgf/systemlay
er\pgfsyssoftpath.code.tex"
File: pgfsyssoftpath.code.tex 2020/01/08 v3.1.5b (3.1.5b)
\pgfsyssoftpath@smallbuffer@items=\count266
\pgfsyssoftpath@bigbuffer@items=\count267
)
("C:\Users\dredondo\AppData\Local\Programs\MiKTeX 2.9\tex/generic/pgf/systemlay
er\pgfsysprotocol.code.tex"
File: pgfsysprotocol.code.tex 2020/01/08 v3.1.5b (3.1.5b)
))
("C:\Users\dredondo\AppData\Local\Programs\MiKTeX 2.9\tex/latex/xcolor\xcolor.s
ty"
Package: xcolor 2016/05/11 v2.12 LaTeX color extensions (UK)

("C:\Users\dredondo\AppData\Local\Programs\MiKTeX 2.9\tex/latex/graphics-cfg\co
lor.cfg"
File: color.cfg 2016/01/02 v1.6 sample color configuration
)
Package xcolor Info: Driver file: pdftex.def on input line 225.
Package xcolor Info: Model `cmy' substituted by `cmy0' on input line 1348.
Package xcolor Info: Model `hsb' substituted by `rgb' on input line 1352.
Package xcolor Info: Model `RGB' extended on input line 1364.
Package xcolor Info: Model `HTML' substituted by `rgb' on input line 1366.
Package xcolor Info: Model `Hsb' substituted by `hsb' on input line 1367.
Package xcolor Info: Model `tHsb' substituted by `hsb' on input line 1368.
Package xcolor Info: Model `HSB' substituted by `hsb' on input line 1369.
Package xcolor Info: Model `Gray' substituted by `gray' on input line 1370.
Package xcolor Info: Model `wave' substituted by `hsb' on input line 1371.
)
("C:\Users\dredondo\AppData\Local\Programs\MiKTeX 2.9\tex/generic/pgf/basiclaye
r\pgfcore.code.tex"
Package: pgfcore 2020/01/08 v3.1.5b (3.1.5b)

("C:\Users\dredondo\AppData\Local\Programs\MiKTeX 2.9\tex/generic/pgf/math\pgfm
ath.code.tex"
("C:\Users\dredondo\AppData\Local\Programs\MiKTeX 2.9\tex/generic/pgf/math\pgfm
athcalc.code.tex"
("C:\Users\dredondo\AppData\Local\Programs\MiKTeX 2.9\tex/generic/pgf/math\pgfm
athutil.code.tex")
("C:\Users\dredondo\AppData\Local\Programs\MiKTeX 2.9\tex/generic/pgf/math\pgfm
athparser.code.tex"
\pgfmath@dimen=\dimen172
\pgfmath@count=\count268
\pgfmath@box=\box55
\pgfmath@toks=\toks24
\pgfmath@stack@operand=\toks25
\pgfmath@stack@operation=\toks26
)
("C:\Users\dredondo\AppData\Local\Programs\MiKTeX 2.9\tex/generic/pgf/math\pgfm
athfunctions.code.tex"
("C:\Users\dredondo\AppData\Local\Programs\MiKTeX 2.9\tex/generic/pgf/math\pgfm
athfunctions.basic.code.tex")
("C:\Users\dredondo\AppData\Local\Programs\MiKTeX 2.9\tex/generic/pgf/math\pgfm
athfunctions.trigonometric.code.tex")
("C:\Users\dredondo\AppData\Local\Programs\MiKTeX 2.9\tex/generic/pgf/math\pgfm
athfunctions.random.code.tex")
("C:\Users\dredondo\AppData\Local\Programs\MiKTeX 2.9\tex/generic/pgf/math\pgfm
athfunctions.comparison.code.tex")
("C:\Users\dredondo\AppData\Local\Programs\MiKTeX 2.9\tex/generic/pgf/math\pgfm
athfunctions.base.code.tex")
("C:\Users\dredondo\AppData\Local\Programs\MiKTeX 2.9\tex/generic/pgf/math\pgfm
athfunctions.round.code.tex")
("C:\Users\dredondo\AppData\Local\Programs\MiKTeX 2.9\tex/generic/pgf/math\pgfm
athfunctions.misc.code.tex")
("C:\Users\dredondo\AppData\Local\Programs\MiKTeX 2.9\tex/generic/pgf/math\pgfm
athfunctions.integerarithmetics.code.tex")))
("C:\Users\dredondo\AppData\Local\Programs\MiKTeX 2.9\tex/generic/pgf/math\pgfm
athfloat.code.tex"
\c@pgfmathroundto@lastzeros=\count269
))
("C:\Users\dredondo\AppData\Local\Programs\MiKTeX 2.9\tex/generic/pgf/math\pgfi
nt.code.tex")
("C:\Users\dredondo\AppData\Local\Programs\MiKTeX 2.9\tex/generic/pgf/basiclaye
r\pgfcorepoints.code.tex"
File: pgfcorepoints.code.tex 2020/01/08 v3.1.5b (3.1.5b)
\pgf@picminx=\dimen173
\pgf@picmaxx=\dimen174
\pgf@picminy=\dimen175
\pgf@picmaxy=\dimen176
\pgf@pathminx=\dimen177
\pgf@pathmaxx=\dimen178
\pgf@pathminy=\dimen179
\pgf@pathmaxy=\dimen180
\pgf@xx=\dimen181
\pgf@xy=\dimen182
\pgf@yx=\dimen183
\pgf@yy=\dimen184
\pgf@zx=\dimen185
\pgf@zy=\dimen186
)
("C:\Users\dredondo\AppData\Local\Programs\MiKTeX 2.9\tex/generic/pgf/basiclaye
r\pgfcorepathconstruct.code.tex"
File: pgfcorepathconstruct.code.tex 2020/01/08 v3.1.5b (3.1.5b)
\pgf@path@lastx=\dimen187
\pgf@path@lasty=\dimen188
)
("C:\Users\dredondo\AppData\Local\Programs\MiKTeX 2.9\tex/generic/pgf/basiclaye
r\pgfcorepathusage.code.tex"
File: pgfcorepathusage.code.tex 2020/01/08 v3.1.5b (3.1.5b)
\pgf@shorten@end@additional=\dimen189
\pgf@shorten@start@additional=\dimen190
)
("C:\Users\dredondo\AppData\Local\Programs\MiKTeX 2.9\tex/generic/pgf/basiclaye
r\pgfcorescopes.code.tex"
File: pgfcorescopes.code.tex 2020/01/08 v3.1.5b (3.1.5b)
\pgfpic=\box56
\pgf@hbox=\box57
\pgf@layerbox@main=\box58
\pgf@picture@serial@count=\count270
)
("C:\Users\dredondo\AppData\Local\Programs\MiKTeX 2.9\tex/generic/pgf/basiclaye
r\pgfcoregraphicstate.code.tex"
File: pgfcoregraphicstate.code.tex 2020/01/08 v3.1.5b (3.1.5b)
\pgflinewidth=\dimen191
)
("C:\Users\dredondo\AppData\Local\Programs\MiKTeX 2.9\tex/generic/pgf/basiclaye
r\pgfcoretransformations.code.tex"
File: pgfcoretransformations.code.tex 2020/01/08 v3.1.5b (3.1.5b)
\pgf@pt@x=\dimen192
\pgf@pt@y=\dimen193
\pgf@pt@temp=\dimen194
)
("C:\Users\dredondo\AppData\Local\Programs\MiKTeX 2.9\tex/generic/pgf/basiclaye
r\pgfcorequick.code.tex"
File: pgfcorequick.code.tex 2020/01/08 v3.1.5b (3.1.5b)
)
("C:\Users\dredondo\AppData\Local\Programs\MiKTeX 2.9\tex/generic/pgf/basiclaye
r\pgfcoreobjects.code.tex"
File: pgfcoreobjects.code.tex 2020/01/08 v3.1.5b (3.1.5b)
)
("C:\Users\dredondo\AppData\Local\Programs\MiKTeX 2.9\tex/generic/pgf/basiclaye
r\pgfcorepathprocessing.code.tex"
File: pgfcorepathprocessing.code.tex 2020/01/08 v3.1.5b (3.1.5b)
)
("C:\Users\dredondo\AppData\Local\Programs\MiKTeX 2.9\tex/generic/pgf/basiclaye
r\pgfcorearrows.code.tex"
File: pgfcorearrows.code.tex 2020/01/08 v3.1.5b (3.1.5b)
\pgfarrowsep=\dimen195
)
("C:\Users\dredondo\AppData\Local\Programs\MiKTeX 2.9\tex/generic/pgf/basiclaye
r\pgfcoreshade.code.tex"
File: pgfcoreshade.code.tex 2020/01/08 v3.1.5b (3.1.5b)
\pgf@max=\dimen196
\pgf@sys@shading@range@num=\count271
\pgf@shadingcount=\count272
)
("C:\Users\dredondo\AppData\Local\Programs\MiKTeX 2.9\tex/generic/pgf/basiclaye
r\pgfcoreimage.code.tex"
File: pgfcoreimage.code.tex 2020/01/08 v3.1.5b (3.1.5b)

("C:\Users\dredondo\AppData\Local\Programs\MiKTeX 2.9\tex/generic/pgf/basiclaye
r\pgfcoreexternal.code.tex"
File: pgfcoreexternal.code.tex 2020/01/08 v3.1.5b (3.1.5b)
\pgfexternal@startupbox=\box59
))
("C:\Users\dredondo\AppData\Local\Programs\MiKTeX 2.9\tex/generic/pgf/basiclaye
r\pgfcorelayers.code.tex"
File: pgfcorelayers.code.tex 2020/01/08 v3.1.5b (3.1.5b)
)
("C:\Users\dredondo\AppData\Local\Programs\MiKTeX 2.9\tex/generic/pgf/basiclaye
r\pgfcoretransparency.code.tex"
File: pgfcoretransparency.code.tex 2020/01/08 v3.1.5b (3.1.5b)
)
("C:\Users\dredondo\AppData\Local\Programs\MiKTeX 2.9\tex/generic/pgf/basiclaye
r\pgfcorepatterns.code.tex"
File: pgfcorepatterns.code.tex 2020/01/08 v3.1.5b (3.1.5b)
)
("C:\Users\dredondo\AppData\Local\Programs\MiKTeX 2.9\tex/generic/pgf/basiclaye
r\pgfcorerdf.code.tex"
File: pgfcorerdf.code.tex 2020/01/08 v3.1.5b (3.1.5b)
)))
("C:\Users\dredondo\AppData\Local\Programs\MiKTeX 2.9\tex/latex/pgf/utilities\x
xcolor.sty"
Package: xxcolor 2003/10/24 ver 0.1
\XC@nummixins=\count273
\XC@countmixins=\count274
)
("C:\Users\dredondo\AppData\Local\Programs\MiKTeX 2.9\tex/generic/atbegshi\atbe
gshi.sty"
Package: atbegshi 2019/12/05 v1.19 At begin shipout hook (HO)

("C:\Users\dredondo\AppData\Local\Programs\MiKTeX 2.9\tex/generic/infwarerr\inf
warerr.sty"
Package: infwarerr 2019/12/03 v1.5 Providing info/warning/error messages (HO)
)
("C:\Users\dredondo\AppData\Local\Programs\MiKTeX 2.9\tex/generic/ltxcmds\ltxcm
ds.sty"
Package: ltxcmds 2019/12/15 v1.24 LaTeX kernel commands for general use (HO)
))
("C:\Users\dredondo\AppData\Local\Programs\MiKTeX 2.9\tex/latex/hyperref\hyperr
ef.sty"
Package: hyperref 2020/01/14 v7.00d Hypertext links for LaTeX

("C:\Users\dredondo\AppData\Local\Programs\MiKTeX 2.9\tex/latex/pdftexcmds\pdft
excmds.sty"
Package: pdftexcmds 2019/11/24 v0.31 Utility functions of pdfTeX for LuaTeX (HO
)
Package pdftexcmds Info: \pdf@primitive is available.
Package pdftexcmds Info: \pdf@ifprimitive is available.
Package pdftexcmds Info: \pdfdraftmode found.
)
("C:\Users\dredondo\AppData\Local\Programs\MiKTeX 2.9\tex/generic/kvsetkeys\kvs
etkeys.sty"
Package: kvsetkeys 2019/12/15 v1.18 Key value parser (HO)
)
("C:\Users\dredondo\AppData\Local\Programs\MiKTeX 2.9\tex/generic/kvdefinekeys\
kvdefinekeys.sty"
Package: kvdefinekeys 2019-12-19 v1.6 Define keys (HO)
)
("C:\Users\dredondo\AppData\Local\Programs\MiKTeX 2.9\tex/generic/pdfescape\pdf
escape.sty"
Package: pdfescape 2019/12/09 v1.15 Implements pdfTeX's escape features (HO)
)
("C:\Users\dredondo\AppData\Local\Programs\MiKTeX 2.9\tex/latex/hycolor\hycolor
.sty"
Package: hycolor 2020-01-27 v1.10 Color options for hyperref/bookmark (HO)
)
("C:\Users\dredondo\AppData\Local\Programs\MiKTeX 2.9\tex/latex/letltxmacro\let
ltxmacro.sty"
Package: letltxmacro 2019/12/03 v1.6 Let assignment for LaTeX macros (HO)
)
("C:\Users\dredondo\AppData\Local\Programs\MiKTeX 2.9\tex/latex/auxhook\auxhook
.sty"
Package: auxhook 2019-12-17 v1.6 Hooks for auxiliary files (HO)
)
("C:\Users\dredondo\AppData\Local\Programs\MiKTeX 2.9\tex/latex/kvoptions\kvopt
ions.sty"
Package: kvoptions 2019/11/29 v3.13 Key value format for package options (HO)
)
\@linkdim=\dimen197
\Hy@linkcounter=\count275
\Hy@pagecounter=\count276

("C:\Users\dredondo\AppData\Local\Programs\MiKTeX 2.9\tex/latex/hyperref\pd1enc
.def"
File: pd1enc.def 2020/01/14 v7.00d Hyperref: PDFDocEncoding definition (HO)
Now handling font encoding PD1 ...
... no UTF-8 mapping file for font encoding PD1
)
("C:\Users\dredondo\AppData\Local\Programs\MiKTeX 2.9\tex/generic/intcalc\intca
lc.sty"
Package: intcalc 2019/12/15 v1.3 Expandable calculations with integers (HO)
)
("C:\Users\dredondo\AppData\Local\Programs\MiKTeX 2.9\tex/generic/etexcmds\etex
cmds.sty"
Package: etexcmds 2019/12/15 v1.7 Avoid name clashes with e-TeX commands (HO)
)
\Hy@SavedSpaceFactor=\count277
Package hyperref Info: Option `bookmarks' set `true' on input line 4421.
Package hyperref Info: Option `bookmarksopen' set `true' on input line 4421.
Package hyperref Info: Option `implicit' set `false' on input line 4421.
Package hyperref Info: Hyper figures OFF on input line 4547.
Package hyperref Info: Link nesting OFF on input line 4552.
Package hyperref Info: Hyper index ON on input line 4555.
Package hyperref Info: Plain pages OFF on input line 4562.
Package hyperref Info: Backreferencing OFF on input line 4567.
Package hyperref Info: Implicit mode OFF; no redefinition of LaTeX internals.
Package hyperref Info: Bookmarks ON on input line 4800.
\c@Hy@tempcnt=\count278

("C:\Users\dredondo\AppData\Local\Programs\MiKTeX 2.9\tex/latex/url\url.sty"
\Urlmuskip=\muskip16
Package: url 2013/09/16  ver 3.4  Verb mode for urls, etc.
)
LaTeX Info: Redefining \url on input line 5159.
\XeTeXLinkMargin=\dimen198

("C:\Users\dredondo\AppData\Local\Programs\MiKTeX 2.9\tex/generic/bitset\bitset
.sty"
Package: bitset 2019/12/09 v1.3 Handle bit-vector datatype (HO)

("C:\Users\dredondo\AppData\Local\Programs\MiKTeX 2.9\tex/generic/bigintcalc\bi
gintcalc.sty"
Package: bigintcalc 2019/12/15 v1.5 Expandable calculations on big integers (HO
)
))
\Fld@menulength=\count279
\Field@Width=\dimen199
\Fld@charsize=\dimen256
Package hyperref Info: Hyper figures OFF on input line 6430.
Package hyperref Info: Link nesting OFF on input line 6435.
Package hyperref Info: Hyper index ON on input line 6438.
Package hyperref Info: backreferencing OFF on input line 6445.
Package hyperref Info: Link coloring OFF on input line 6450.
Package hyperref Info: Link coloring with OCG OFF on input line 6455.
Package hyperref Info: PDF/A mode OFF on input line 6460.
LaTeX Info: Redefining \ref on input line 6500.
LaTeX Info: Redefining \pageref on input line 6504.
\Hy@abspage=\count280


Package hyperref Message: Stopped early.

)
Package hyperref Info: Driver (autodetected): hpdftex.

("C:\Users\dredondo\AppData\Local\Programs\MiKTeX 2.9\tex/latex/hyperref\hpdfte
x.def"
File: hpdftex.def 2020/01/14 v7.00d Hyperref driver for pdfTeX

("C:\Users\dredondo\AppData\Local\Programs\MiKTeX 2.9\tex/latex/atveryend\atver
yend.sty"
Package: atveryend 2019-12-11 v1.11 Hooks at the very end of document (HO)
)
\Fld@listcount=\count281
\c@bookmark@seq@number=\count282

("C:\Users\dredondo\AppData\Local\Programs\MiKTeX 2.9\tex/latex/rerunfilecheck\
rerunfilecheck.sty"
Package: rerunfilecheck 2019/12/05 v1.9 Rerun checks for auxiliary files (HO)

("C:\Users\dredondo\AppData\Local\Programs\MiKTeX 2.9\tex/generic/uniquecounter
\uniquecounter.sty"
Package: uniquecounter 2019/12/15 v1.4 Provide unlimited unique counter (HO)
)
Package uniquecounter Info: New unique counter `rerunfilecheck' on input line 2
86.
))
("C:\Users\dredondo\AppData\Local\Programs\MiKTeX 2.9\tex/latex/beamer\beamerba
serequires.sty"
("C:\Users\dredondo\AppData\Local\Programs\MiKTeX 2.9\tex/latex/beamer\beamerba
secompatibility.sty")
("C:\Users\dredondo\AppData\Local\Programs\MiKTeX 2.9\tex/latex/beamer\beamerba
sefont.sty"
("C:\Users\dredondo\AppData\Local\Programs\MiKTeX 2.9\tex/latex/amsfonts\amssym
b.sty"
Package: amssymb 2013/01/14 v3.01 AMS font symbols

("C:\Users\dredondo\AppData\Local\Programs\MiKTeX 2.9\tex/latex/amsfonts\amsfon
ts.sty"
Package: amsfonts 2013/01/14 v3.01 Basic AMSFonts support
\@emptytoks=\toks27
\symAMSa=\mathgroup4
\symAMSb=\mathgroup5
LaTeX Font Info:    Redeclaring math symbol \hbar on input line 98.
LaTeX Font Info:    Overwriting math alphabet `\mathfrak' in version `bold'
(Font)                  U/euf/m/n --> U/euf/b/n on input line 106.
))
("C:\Users\dredondo\AppData\Local\Programs\MiKTeX 2.9\tex/latex/sansmathaccent\
sansmathaccent.sty"
Package: sansmathaccent 2020/01/31

("C:\Users\dredondo\AppData\Local\Programs\MiKTeX 2.9\tex/latex/koma-script\scr
lfile.sty"
Package: scrlfile 2020/07/22 v3.31 KOMA-Script package (loading files)
)))
("C:\Users\dredondo\AppData\Local\Programs\MiKTeX 2.9\tex/latex/beamer\beamerba
setranslator.sty"
("C:\Users\dredondo\AppData\Local\Programs\MiKTeX 2.9\tex/latex/translator\tran
slator.sty"
Package: translator 2019-05-31 v1.12a Easy translation of strings in LaTeX
))
("C:\Users\dredondo\AppData\Local\Programs\MiKTeX 2.9\tex/latex/beamer\beamerba
semisc.sty")
("C:\Users\dredondo\AppData\Local\Programs\MiKTeX 2.9\tex/latex/beamer\beamerba
setwoscreens.sty")
("C:\Users\dredondo\AppData\Local\Programs\MiKTeX 2.9\tex/latex/beamer\beamerba
seoverlay.sty"
\beamer@argscount=\count283
\beamer@lastskipcover=\skip50
\beamer@trivlistdepth=\count284
)
("C:\Users\dredondo\AppData\Local\Programs\MiKTeX 2.9\tex/latex/beamer\beamerba
setitle.sty")
("C:\Users\dredondo\AppData\Local\Programs\MiKTeX 2.9\tex/latex/beamer\beamerba
sesection.sty"
\c@lecture=\count285
\c@part=\count286
\c@section=\count287
\c@subsection=\count288
\c@subsubsection=\count289
)
("C:\Users\dredondo\AppData\Local\Programs\MiKTeX 2.9\tex/latex/beamer\beamerba
seframe.sty"
\beamer@framebox=\box60
\beamer@frametitlebox=\box61
\beamer@zoombox=\box62
\beamer@zoomcount=\count290
\beamer@zoomframecount=\count291
\beamer@frametextheight=\dimen257
\c@subsectionslide=\count292
\beamer@frametopskip=\skip51
\beamer@framebottomskip=\skip52
\beamer@frametopskipautobreak=\skip53
\beamer@framebottomskipautobreak=\skip54
\beamer@envbody=\toks28
\framewidth=\dimen258
\c@framenumber=\count293
)
("C:\Users\dredondo\AppData\Local\Programs\MiKTeX 2.9\tex/latex/beamer\beamerba
severbatim.sty"
\beamer@verbatimfileout=\write4
)
("C:\Users\dredondo\AppData\Local\Programs\MiKTeX 2.9\tex/latex/beamer\beamerba
seframesize.sty"
\beamer@splitbox=\box63
\beamer@autobreakcount=\count294
\beamer@autobreaklastheight=\dimen259
\beamer@frametitletoks=\toks29
\beamer@framesubtitletoks=\toks30
)
("C:\Users\dredondo\AppData\Local\Programs\MiKTeX 2.9\tex/latex/beamer\beamerba
seframecomponents.sty"
\beamer@footins=\box64
)
("C:\Users\dredondo\AppData\Local\Programs\MiKTeX 2.9\tex/latex/beamer\beamerba
secolor.sty")
("C:\Users\dredondo\AppData\Local\Programs\MiKTeX 2.9\tex/latex/beamer\beamerba
senotes.sty"
\beamer@frameboxcopy=\box65
)
("C:\Users\dredondo\AppData\Local\Programs\MiKTeX 2.9\tex/latex/beamer\beamerba
setoc.sty")
("C:\Users\dredondo\AppData\Local\Programs\MiKTeX 2.9\tex/latex/beamer\beamerba
setemplates.sty"
\beamer@sbttoks=\toks31

("C:\Users\dredondo\AppData\Local\Programs\MiKTeX 2.9\tex/latex/beamer\beamerba
seauxtemplates.sty"
("C:\Users\dredondo\AppData\Local\Programs\MiKTeX 2.9\tex/latex/beamer\beamerba
seboxes.sty"
\bmb@box=\box66
\bmb@colorbox=\box67
\bmb@boxshadow=\box68
\bmb@boxshadowball=\box69
\bmb@boxshadowballlarge=\box70
\bmb@temp=\dimen260
\bmb@dima=\dimen261
\bmb@dimb=\dimen262
\bmb@prevheight=\dimen263
)
\beamer@blockheadheight=\dimen264
))
("C:\Users\dredondo\AppData\Local\Programs\MiKTeX 2.9\tex/latex/beamer\beamerba
selocalstructure.sty"
("C:\Users\dredondo\AppData\Local\Programs\MiKTeX 2.9\tex/latex/tools\enumerate
.sty"
Package: enumerate 2015/07/23 v3.00 enumerate extensions (DPC)
\@enLab=\toks32
)
\c@figure=\count295
\c@table=\count296
\abovecaptionskip=\skip55
\belowcaptionskip=\skip56
)
("C:\Users\dredondo\AppData\Local\Programs\MiKTeX 2.9\tex/latex/beamer\beamerba
senavigation.sty"
\beamer@section@min@dim=\dimen265
)
("C:\Users\dredondo\AppData\Local\Programs\MiKTeX 2.9\tex/latex/beamer\beamerba
setheorems.sty"
("C:\Users\dredondo\AppData\Local\Programs\MiKTeX 2.9\tex/latex/amsmath\amsmath
.sty"
Package: amsmath 2020/01/20 v2.17e AMS math features
\@mathmargin=\skip57

For additional information on amsmath, use the `?' option.

("C:\Users\dredondo\AppData\Local\Programs\MiKTeX 2.9\tex/latex/amsmath\amstext
.sty"
Package: amstext 2000/06/29 v2.01 AMS text

("C:\Users\dredondo\AppData\Local\Programs\MiKTeX 2.9\tex/latex/amsmath\amsgen.
sty"
File: amsgen.sty 1999/11/30 v2.0 generic functions
\@emptytoks=\toks33
\ex@=\dimen266
))
("C:\Users\dredondo\AppData\Local\Programs\MiKTeX 2.9\tex/latex/amsmath\amsbsy.
sty"
Package: amsbsy 1999/11/29 v1.2d Bold Symbols
\pmbraise@=\dimen267
)
("C:\Users\dredondo\AppData\Local\Programs\MiKTeX 2.9\tex/latex/amsmath\amsopn.
sty"
Package: amsopn 2016/03/08 v2.02 operator names
)
\inf@bad=\count297
LaTeX Info: Redefining \frac on input line 227.
\uproot@=\count298
\leftroot@=\count299
LaTeX Info: Redefining \overline on input line 389.
\classnum@=\count300
\DOTSCASE@=\count301
LaTeX Info: Redefining \ldots on input line 486.
LaTeX Info: Redefining \dots on input line 489.
LaTeX Info: Redefining \cdots on input line 610.
\Mathstrutbox@=\box71
\strutbox@=\box72
\big@size=\dimen268
LaTeX Font Info:    Redeclaring font encoding OML on input line 733.
LaTeX Font Info:    Redeclaring font encoding OMS on input line 734.
\macc@depth=\count302
\c@MaxMatrixCols=\count303
\dotsspace@=\muskip17
\c@parentequation=\count304
\dspbrk@lvl=\count305
\tag@help=\toks34
\row@=\count306
\column@=\count307
\maxfields@=\count308
\andhelp@=\toks35
\eqnshift@=\dimen269
\alignsep@=\dimen270
\tagshift@=\dimen271
\tagwidth@=\dimen272
\totwidth@=\dimen273
\lineht@=\dimen274
\@envbody=\toks36
\multlinegap=\skip58
\multlinetaggap=\skip59
\mathdisplay@stack=\toks37
LaTeX Info: Redefining \[ on input line 2859.
LaTeX Info: Redefining \] on input line 2860.
)
("C:\Users\dredondo\AppData\Local\Programs\MiKTeX 2.9\tex/latex/amscls\amsthm.s
ty"
Package: amsthm 2017/10/31 v2.20.4
\thm@style=\toks38
\thm@bodyfont=\toks39
\thm@headfont=\toks40
\thm@notefont=\toks41
\thm@headpunct=\toks42
\thm@preskip=\skip60
\thm@postskip=\skip61
\thm@headsep=\skip62
\dth@everypar=\toks43
)
\c@theorem=\count309
)
("C:\Users\dredondo\AppData\Local\Programs\MiKTeX 2.9\tex/latex/beamer\beamerba
sethemes.sty"))
("C:\Users\dredondo\AppData\Local\Programs\MiKTeX 2.9\tex/latex/beamer\beamerth
emedefault.sty"
("C:\Users\dredondo\AppData\Local\Programs\MiKTeX 2.9\tex/latex/beamer\beamerfo
ntthemedefault.sty")
("C:\Users\dredondo\AppData\Local\Programs\MiKTeX 2.9\tex/latex/beamer\beamerco
lorthemedefault.sty")
("C:\Users\dredondo\AppData\Local\Programs\MiKTeX 2.9\tex/latex/beamer\beamerin
nerthemedefault.sty"
\beamer@dima=\dimen275
\beamer@dimb=\dimen276
)
("C:\Users\dredondo\AppData\Local\Programs\MiKTeX 2.9\tex/latex/beamer\beamerou
terthemedefault.sty")))
("C:\Users\dredondo\AppData\Local\Programs\MiKTeX 2.9\tex/latex/beamer\beamerth
emeMadrid.sty"
("C:\Users\dredondo\AppData\Local\Programs\MiKTeX 2.9\tex/latex/beamer\beamerco
lorthemewhale.sty")
("C:\Users\dredondo\AppData\Local\Programs\MiKTeX 2.9\tex/latex/beamer\beamerco
lorthemeorchid.sty")
("C:\Users\dredondo\AppData\Local\Programs\MiKTeX 2.9\tex/latex/beamer\beamerin
nerthemerounded.sty")
("C:\Users\dredondo\AppData\Local\Programs\MiKTeX 2.9\tex/latex/beamer\beamerou
terthemeinfolines.sty"))
("C:\Users\dredondo\AppData\Local\Programs\MiKTeX 2.9\tex/latex/booktabs\bookta
bs.sty"
Package: booktabs 2020/01/12 v1.61803398 Publication quality tables
\heavyrulewidth=\dimen277
\lightrulewidth=\dimen278
\cmidrulewidth=\dimen279
\belowrulesep=\dimen280
\belowbottomsep=\dimen281
\aboverulesep=\dimen282
\abovetopsep=\dimen283
\cmidrulesep=\dimen284
\cmidrulekern=\dimen285
\defaultaddspace=\dimen286
\@cmidla=\count310
\@cmidlb=\count311
\@aboverulesep=\dimen287
\@belowrulesep=\dimen288
\@thisruleclass=\count312
\@lastruleclass=\count313
\@thisrulewidth=\dimen289
)
("C:\Users\dredondo\AppData\Local\Programs\MiKTeX 2.9\tex/latex/base\inputenc.s
ty"
Package: inputenc 2018/08/11 v1.3c Input encoding file
\inpenc@prehook=\toks44
\inpenc@posthook=\toks45
)
("C:\Users\dredondo\AppData\Local\Programs\MiKTeX 2.9\tex/latex/lm\lmodern.sty"
Package: lmodern 2009/10/30 v1.6 Latin Modern Fonts
LaTeX Font Info:    Overwriting symbol font `operators' in version `normal'
(Font)                  OT1/cmr/m/n --> OT1/lmr/m/n on input line 22.
LaTeX Font Info:    Overwriting symbol font `letters' in version `normal'
(Font)                  OML/cmm/m/it --> OML/lmm/m/it on input line 23.
LaTeX Font Info:    Overwriting symbol font `symbols' in version `normal'
(Font)                  OMS/cmsy/m/n --> OMS/lmsy/m/n on input line 24.
LaTeX Font Info:    Overwriting symbol font `largesymbols' in version `normal'
(Font)                  OMX/cmex/m/n --> OMX/lmex/m/n on input line 25.
LaTeX Font Info:    Overwriting symbol font `operators' in version `bold'
(Font)                  OT1/cmr/bx/n --> OT1/lmr/bx/n on input line 26.
LaTeX Font Info:    Overwriting symbol font `letters' in version `bold'
(Font)                  OML/cmm/b/it --> OML/lmm/b/it on input line 27.
LaTeX Font Info:    Overwriting symbol font `symbols' in version `bold'
(Font)                  OMS/cmsy/b/n --> OMS/lmsy/b/n on input line 28.
LaTeX Font Info:    Overwriting symbol font `largesymbols' in version `bold'
(Font)                  OMX/cmex/m/n --> OMX/lmex/m/n on input line 29.
LaTeX Font Info:    Overwriting math alphabet `\mathbf' in version `normal'
(Font)                  OT1/cmr/bx/n --> OT1/lmr/bx/n on input line 31.
LaTeX Font Info:    Overwriting math alphabet `\mathsf' in version `normal'
(Font)                  OT1/cmss/m/n --> OT1/lmss/m/n on input line 32.
LaTeX Font Info:    Overwriting math alphabet `\mathit' in version `normal'
(Font)                  OT1/cmr/m/it --> OT1/lmr/m/it on input line 33.
LaTeX Font Info:    Overwriting math alphabet `\mathtt' in version `normal'
(Font)                  OT1/cmtt/m/n --> OT1/lmtt/m/n on input line 34.
LaTeX Font Info:    Overwriting math alphabet `\mathbf' in version `bold'
(Font)                  OT1/cmr/bx/n --> OT1/lmr/bx/n on input line 35.
LaTeX Font Info:    Overwriting math alphabet `\mathsf' in version `bold'
(Font)                  OT1/cmss/bx/n --> OT1/lmss/bx/n on input line 36.
LaTeX Font Info:    Overwriting math alphabet `\mathit' in version `bold'
(Font)                  OT1/cmr/bx/it --> OT1/lmr/bx/it on input line 37.
LaTeX Font Info:    Overwriting math alphabet `\mathtt' in version `bold'
(Font)                  OT1/cmtt/m/n --> OT1/lmtt/m/n on input line 38.
)
("C:\Users\dredondo\AppData\Local\Programs\MiKTeX 2.9\tex/latex/outlines\outlin
es.sty"
Package: outlines 2012/1/23 1.1 Ch. Pecheur

("C:\Users\dredondo\AppData\Local\Programs\MiKTeX 2.9\tex/latex/base\ifthen.sty
"
Package: ifthen 2014/09/29 v1.1c Standard LaTeX ifthen package (DPC)
))
("C:\Users\dredondo\AppData\Local\Programs\MiKTeX 2.9\tex/latex/setspace\setspa
ce.sty"
Package: setspace 2011/12/19 v6.7a set line spacing
)
("C:\Users\dredondo\AppData\Local\Programs\MiKTeX 2.9\tex/latex/colortbl\colort
bl.sty"
Package: colortbl 2020/01/04 v1.0e Color table columns (DPC)

("C:\Users\dredondo\AppData\Local\Programs\MiKTeX 2.9\tex/latex/tools\array.sty
"
Package: array 2019/08/31 v2.4l Tabular extension package (FMi)
\col@sep=\dimen290
\ar@mcellbox=\box73
\extrarowheight=\dimen291
\NC@list=\toks46
\extratabsurround=\skip63
\backup@length=\skip64
\ar@cellbox=\box74
)
\everycr=\toks47
\minrowclearance=\skip65
)
("C:\Users\dredondo\AppData\Local\Programs\MiKTeX 2.9\tex/latex/multirow\multir
ow.sty"
Package: multirow 2019/05/31 v2.5 Span multiple rows of a table
\multirow@colwidth=\skip66
\multirow@cntb=\count314
\multirow@dima=\skip67
\bigstrutjot=\dimen292
)
("C:\Users\dredondo\AppData\Local\Programs\MiKTeX 2.9\tex/latex/pgf/frontendlay
er\tikz.sty"
("C:\Users\dredondo\AppData\Local\Programs\MiKTeX 2.9\tex/latex/pgf/basiclayer\
pgf.sty"
Package: pgf 2020/01/08 v3.1.5b (3.1.5b)

("C:\Users\dredondo\AppData\Local\Programs\MiKTeX 2.9\tex/generic/pgf/modules\p
gfmoduleshapes.code.tex"
File: pgfmoduleshapes.code.tex 2020/01/08 v3.1.5b (3.1.5b)
\pgfnodeparttextbox=\box75
)
("C:\Users\dredondo\AppData\Local\Programs\MiKTeX 2.9\tex/generic/pgf/modules\p
gfmoduleplot.code.tex"
File: pgfmoduleplot.code.tex 2020/01/08 v3.1.5b (3.1.5b)
)
("C:\Users\dredondo\AppData\Local\Programs\MiKTeX 2.9\tex/latex/pgf/compatibili
ty\pgfcomp-version-0-65.sty"
Package: pgfcomp-version-0-65 2020/01/08 v3.1.5b (3.1.5b)
\pgf@nodesepstart=\dimen293
\pgf@nodesepend=\dimen294
)
("C:\Users\dredondo\AppData\Local\Programs\MiKTeX 2.9\tex/latex/pgf/compatibili
ty\pgfcomp-version-1-18.sty"
Package: pgfcomp-version-1-18 2020/01/08 v3.1.5b (3.1.5b)
))
("C:\Users\dredondo\AppData\Local\Programs\MiKTeX 2.9\tex/latex/pgf/utilities\p
gffor.sty"
("C:\Users\dredondo\AppData\Local\Programs\MiKTeX 2.9\tex/latex/pgf/utilities\p
gfkeys.sty"
("C:\Users\dredondo\AppData\Local\Programs\MiKTeX 2.9\tex/generic/pgf/utilities
\pgfkeys.code.tex"))
("C:\Users\dredondo\AppData\Local\Programs\MiKTeX 2.9\tex/latex/pgf/math\pgfmat
h.sty"
("C:\Users\dredondo\AppData\Local\Programs\MiKTeX 2.9\tex/generic/pgf/math\pgfm
ath.code.tex"))
("C:\Users\dredondo\AppData\Local\Programs\MiKTeX 2.9\tex/generic/pgf/utilities
\pgffor.code.tex"
Package: pgffor 2020/01/08 v3.1.5b (3.1.5b)

("C:\Users\dredondo\AppData\Local\Programs\MiKTeX 2.9\tex/generic/pgf/math\pgfm
ath.code.tex")
\pgffor@iter=\dimen295
\pgffor@skip=\dimen296
\pgffor@stack=\toks48
\pgffor@toks=\toks49
))
("C:\Users\dredondo\AppData\Local\Programs\MiKTeX 2.9\tex/generic/pgf/frontendl
ayer/tikz\tikz.code.tex"
Package: tikz 2020/01/08 v3.1.5b (3.1.5b)

("C:\Users\dredondo\AppData\Local\Programs\MiKTeX 2.9\tex/generic/pgf/libraries
\pgflibraryplothandlers.code.tex"
File: pgflibraryplothandlers.code.tex 2020/01/08 v3.1.5b (3.1.5b)
\pgf@plot@mark@count=\count315
\pgfplotmarksize=\dimen297
)
\tikz@lastx=\dimen298
\tikz@lasty=\dimen299
\tikz@lastxsaved=\dimen300
\tikz@lastysaved=\dimen301
\tikz@lastmovetox=\dimen302
\tikz@lastmovetoy=\dimen303
\tikzleveldistance=\dimen304
\tikzsiblingdistance=\dimen305
\tikz@figbox=\box76
\tikz@figbox@bg=\box77
\tikz@tempbox=\box78
\tikz@tempbox@bg=\box79
\tikztreelevel=\count316
\tikznumberofchildren=\count317
\tikznumberofcurrentchild=\count318
\tikz@fig@count=\count319

("C:\Users\dredondo\AppData\Local\Programs\MiKTeX 2.9\tex/generic/pgf/modules\p
gfmodulematrix.code.tex"
File: pgfmodulematrix.code.tex 2020/01/08 v3.1.5b (3.1.5b)
\pgfmatrixcurrentrow=\count320
\pgfmatrixcurrentcolumn=\count321
\pgf@matrix@numberofcolumns=\count322
)
\tikz@expandcount=\count323

("C:\Users\dredondo\AppData\Local\Programs\MiKTeX 2.9\tex/generic/pgf/frontendl
ayer/tikz/libraries\tikzlibrarytopaths.code.tex"
File: tikzlibrarytopaths.code.tex 2020/01/08 v3.1.5b (3.1.5b)
)))
("C:\Users\dredondo\AppData\Local\Programs\MiKTeX 2.9\tex/latex/appendixnumberb
eamer\appendixnumberbeamer.sty")
("C:\Users\dredondo\AppData\Local\Programs\MiKTeX 2.9\tex/latex/fancyvrb\fancyv
rb.sty"
Package: fancyvrb 2020/01/13 v3.5 verbatim text (tvz,hv)
\FV@CodeLineNo=\count324
\FV@InFile=\read3
\FV@TabBox=\box80
\c@FancyVerbLine=\count325
\FV@StepNumber=\count326
\FV@OutFile=\write5
)
("C:\Users\dredondo\AppData\Local\Programs\MiKTeX 2.9\tex/latex/l3backend\l3bac
kend-pdfmode.def"
File: l3backend-pdfmode.def 2020-03-12 L3 backend support: PDF mode
\l__kernel_color_stack_int=\count327
\l__pdf_internal_box=\box81
) (estadistica_2021.aux)
\openout1 = `estadistica_2021.aux'.

LaTeX Font Info:    Checking defaults for OML/cmm/m/it on input line 119.
LaTeX Font Info:    ... okay on input line 119.
LaTeX Font Info:    Checking defaults for OMS/cmsy/m/n on input line 119.
LaTeX Font Info:    ... okay on input line 119.
LaTeX Font Info:    Checking defaults for OT1/cmr/m/n on input line 119.
LaTeX Font Info:    ... okay on input line 119.
LaTeX Font Info:    Checking defaults for T1/cmr/m/n on input line 119.
LaTeX Font Info:    ... okay on input line 119.
LaTeX Font Info:    Checking defaults for TS1/cmr/m/n on input line 119.
LaTeX Font Info:    ... okay on input line 119.
LaTeX Font Info:    Checking defaults for OMX/cmex/m/n on input line 119.
LaTeX Font Info:    ... okay on input line 119.
LaTeX Font Info:    Checking defaults for U/cmr/m/n on input line 119.
LaTeX Font Info:    ... okay on input line 119.
LaTeX Font Info:    Checking defaults for PD1/pdf/m/n on input line 119.
LaTeX Font Info:    ... okay on input line 119.
LaTeX Font Info:    Trying to load font information for OT1+lmss on input line 
119.

("C:\Users\dredondo\AppData\Local\Programs\MiKTeX 2.9\tex/latex/lm\ot1lmss.fd"
File: ot1lmss.fd 2009/10/30 v1.6 Font defs for Latin Modern
)
*geometry* driver: auto-detecting
*geometry* detected driver: pdftex
*geometry* verbose mode - [ preamble ] result:
* driver: pdftex
* paper: custom
* layout: <same size as paper>
* layoutoffset:(h,v)=(0.0pt,0.0pt)
* modes: includehead includefoot 
* h-part:(L,W,R)=(10.95003pt, 342.2953pt, 10.95003pt)
* v-part:(T,H,B)=(0.0pt, 273.14662pt, 0.0pt)
* \paperwidth=364.19536pt
* \paperheight=273.14662pt
* \textwidth=342.2953pt
* \textheight=244.6939pt
* \oddsidemargin=-61.31996pt
* \evensidemargin=-61.31996pt
* \topmargin=-72.26999pt
* \headheight=14.22636pt
* \headsep=0.0pt
* \topskip=11.0pt
* \footskip=14.22636pt
* \marginparwidth=4.0pt
* \marginparsep=10.0pt
* \columnsep=10.0pt
* \skip\footins=10.0pt plus 4.0pt minus 2.0pt
* \hoffset=0.0pt
* \voffset=0.0pt
* \mag=1000
* \@twocolumnfalse
* \@twosidefalse
* \@mparswitchfalse
* \@reversemarginfalse
* (1in=72.27pt=25.4mm, 1cm=28.453pt)


("C:\Users\dredondo\AppData\Local\Programs\MiKTeX 2.9\tex/context/base/mkii\sup
p-pdf.mkii"
[Loading MPS to PDF converter (version 2006.09.02).]
\scratchcounter=\count328
\scratchdimen=\dimen306
\scratchbox=\box82
\nofMPsegments=\count329
\nofMParguments=\count330
\everyMPshowfont=\toks50
\MPscratchCnt=\count331
\MPscratchDim=\dimen307
\MPnumerator=\count332
\makeMPintoPDFobject=\count333
\everyMPtoPDFconversion=\toks51
)
("C:\Users\dredondo\AppData\Local\Programs\MiKTeX 2.9\tex/latex/epstopdf-pkg\ep
stopdf-base.sty"
Package: epstopdf-base 2020-01-24 v2.11 Base part for package epstopdf
Package epstopdf-base Info: Redefining graphics rule for `.eps' on input line 4
85.
) ABD: EveryShipout initializing macros
\AtBeginShipoutBox=\box83
Package hyperref Info: Link coloring OFF on input line 119.

("C:\Users\dredondo\AppData\Local\Programs\MiKTeX 2.9\tex/latex/hyperref\namere
f.sty"
Package: nameref 2019/09/16 v2.46 Cross-referencing by name of section

("C:\Users\dredondo\AppData\Local\Programs\MiKTeX 2.9\tex/latex/refcount\refcou
nt.sty"
Package: refcount 2019/12/15 v3.6 Data extraction from label references (HO)
)
("C:\Users\dredondo\AppData\Local\Programs\MiKTeX 2.9\tex/generic/gettitlestrin
g\gettitlestring.sty"
Package: gettitlestring 2019/12/15 v1.6 Cleanup title references (HO)
)
\c@section@level=\count334
)
LaTeX Info: Redefining \ref on input line 119.
LaTeX Info: Redefining \pageref on input line 119.
LaTeX Info: Redefining \nameref on input line 119.
 (estadistica_2021.out) (estadistica_2021.out)
\@outlinefile=\write6
\openout6 = `estadistica_2021.out'.

LaTeX Font Info:    Overwriting symbol font `operators' in version `normal'
(Font)                  OT1/lmr/m/n --> OT1/cmss/m/n on input line 119.
LaTeX Font Info:    Overwriting symbol font `operators' in version `bold'
(Font)                  OT1/lmr/bx/n --> OT1/cmss/b/n on input line 119.
LaTeX Font Info:    Overwriting symbol font `operators' in version `normal'
(Font)                  OT1/cmss/m/n --> OT1/lmss/m/n on input line 119.
LaTeX Font Info:    Overwriting symbol font `operators' in version `bold'
(Font)                  OT1/cmss/b/n --> OT1/lmss/b/n on input line 119.
\symnumbers=\mathgroup6
\sympureletters=\mathgroup7
LaTeX Font Info:    Overwriting math alphabet `\mathrm' in version `normal'
(Font)                  OT1/lmss/m/n --> OT1/lmr/m/n on input line 119.
LaTeX Font Info:    Redeclaring math alphabet \mathbf on input line 119.
LaTeX Font Info:    Overwriting math alphabet `\mathbf' in version `normal'
(Font)                  OT1/lmr/bx/n --> OT1/lmss/b/n on input line 119.
LaTeX Font Info:    Overwriting math alphabet `\mathbf' in version `bold'
(Font)                  OT1/lmr/bx/n --> OT1/lmss/b/n on input line 119.
LaTeX Font Info:    Redeclaring math alphabet \mathsf on input line 119.
LaTeX Font Info:    Overwriting math alphabet `\mathsf' in version `normal'
(Font)                  OT1/lmss/m/n --> OT1/lmss/m/n on input line 119.
LaTeX Font Info:    Overwriting math alphabet `\mathsf' in version `bold'
(Font)                  OT1/lmss/bx/n --> OT1/lmss/m/n on input line 119.
LaTeX Font Info:    Redeclaring math alphabet \mathit on input line 119.
LaTeX Font Info:    Overwriting math alphabet `\mathit' in version `normal'
(Font)                  OT1/lmr/m/it --> OT1/lmss/m/it on input line 119.
LaTeX Font Info:    Overwriting math alphabet `\mathit' in version `bold'
(Font)                  OT1/lmr/bx/it --> OT1/lmss/m/it on input line 119.
LaTeX Font Info:    Redeclaring math alphabet \mathtt on input line 119.
LaTeX Font Info:    Overwriting math alphabet `\mathtt' in version `normal'
(Font)                  OT1/lmtt/m/n --> OT1/lmtt/m/n on input line 119.
LaTeX Font Info:    Overwriting math alphabet `\mathtt' in version `bold'
(Font)                  OT1/lmtt/m/n --> OT1/lmtt/m/n on input line 119.
LaTeX Font Info:    Overwriting symbol font `numbers' in version `bold'
(Font)                  OT1/lmss/m/n --> OT1/lmss/b/n on input line 119.
LaTeX Font Info:    Overwriting symbol font `pureletters' in version `bold'
(Font)                  OT1/lmss/m/it --> OT1/lmss/b/it on input line 119.
LaTeX Font Info:    Overwriting math alphabet `\mathrm' in version `bold'
(Font)                  OT1/lmss/b/n --> OT1/lmr/b/n on input line 119.
LaTeX Font Info:    Overwriting math alphabet `\mathbf' in version `bold'
(Font)                  OT1/lmss/b/n --> OT1/lmss/b/n on input line 119.
LaTeX Font Info:    Overwriting math alphabet `\mathsf' in version `bold'
(Font)                  OT1/lmss/m/n --> OT1/lmss/b/n on input line 119.
LaTeX Font Info:    Overwriting math alphabet `\mathit' in version `bold'
(Font)                  OT1/lmss/m/it --> OT1/lmss/b/it on input line 119.
LaTeX Font Info:    Overwriting math alphabet `\mathtt' in version `bold'
(Font)                  OT1/lmtt/m/n --> OT1/lmtt/b/n on input line 119.

("C:\Users\dredondo\AppData\Local\Programs\MiKTeX 2.9\tex/latex/translator\tran
slator-basic-dictionary-English.dict"
Dictionary: translator-basic-dictionary, Language: English 
)
("C:\Users\dredondo\AppData\Local\Programs\MiKTeX 2.9\tex/latex/translator\tran
slator-bibliography-dictionary-English.dict"
Dictionary: translator-bibliography-dictionary, Language: English 
)
("C:\Users\dredondo\AppData\Local\Programs\MiKTeX 2.9\tex/latex/translator\tran
slator-environment-dictionary-English.dict"
Dictionary: translator-environment-dictionary, Language: English 
)
("C:\Users\dredondo\AppData\Local\Programs\MiKTeX 2.9\tex/latex/translator\tran
slator-months-dictionary-English.dict"
Dictionary: translator-months-dictionary, Language: English 
)
("C:\Users\dredondo\AppData\Local\Programs\MiKTeX 2.9\tex/latex/translator\tran
slator-numbers-dictionary-English.dict"
Dictionary: translator-numbers-dictionary, Language: English 
)
("C:\Users\dredondo\AppData\Local\Programs\MiKTeX 2.9\tex/latex/translator\tran
slator-theorem-dictionary-English.dict"
Dictionary: translator-theorem-dictionary, Language: English 
) (estadistica_2021.nav)
LaTeX Font Info:    Font shape `OT1/lmss/m/it' in size <10.95> not available
(Font)              Font shape `OT1/lmss/m/sl' tried instead on input line 123.

LaTeX Font Info:    Trying to load font information for TS1+lmss on input line 
123.

("C:\Users\dredondo\AppData\Local\Programs\MiKTeX 2.9\tex/latex/lm\ts1lmss.fd"
File: ts1lmss.fd 2009/10/30 v1.6 Font defs for Latin Modern
)
LaTeX Font Info:    Font shape `TS1/lmss/m/it' in size <10.95> not available
(Font)              Font shape `TS1/lmss/m/sl' tried instead on input line 123.

<logos/logo_ibs.jpg, id=19, 284.5029pt x 50.1072pt>
File: logos/logo_ibs.jpg Graphic file (type jpg)
<use logos/logo_ibs.jpg>
Package pdftex.def Info: logos/logo_ibs.jpg  used on input line 123.
(pdftex.def)             Requested size: 101.66156pt x 17.90477pt.
LaTeX Font Info:    Trying to load font information for OML+lmm on input line 1
23.
("C:\Users\dredondo\AppData\Local\Programs\MiKTeX 2.9\tex/latex/lm\omllmm.fd"
File: omllmm.fd 2009/10/30 v1.6 Font defs for Latin Modern
)
LaTeX Font Info:    Trying to load font information for OMS+lmsy on input line 
123.

("C:\Users\dredondo\AppData\Local\Programs\MiKTeX 2.9\tex/latex/lm\omslmsy.fd"
File: omslmsy.fd 2009/10/30 v1.6 Font defs for Latin Modern
)
LaTeX Font Info:    Trying to load font information for OMX+lmex on input line 
123.
("C:\Users\dredondo\AppData\Local\Programs\MiKTeX 2.9\tex/latex/lm\omxlmex.fd"
File: omxlmex.fd 2009/10/30 v1.6 Font defs for Latin Modern
)
LaTeX Font Info:    External font `lmex10' loaded for size
(Font)              <10.95> on input line 123.
LaTeX Font Info:    External font `lmex10' loaded for size
(Font)              <8> on input line 123.
LaTeX Font Info:    External font `lmex10' loaded for size
(Font)              <6> on input line 123.
LaTeX Font Info:    Trying to load font information for U+msa on input line 123
.

("C:\Users\dredondo\AppData\Local\Programs\MiKTeX 2.9\tex/latex/amsfonts\umsa.f
d"
File: umsa.fd 2013/01/14 v3.01 AMS symbols A
)
LaTeX Font Info:    Trying to load font information for U+msb on input line 123
.

("C:\Users\dredondo\AppData\Local\Programs\MiKTeX 2.9\tex/latex/amsfonts\umsb.f
d"
File: umsb.fd 2013/01/14 v3.01 AMS symbols B
)
LaTeX Font Info:    Font shape `OT1/lmss/m/it' in size <8> not available
(Font)              Font shape `OT1/lmss/m/sl' tried instead on input line 123.

LaTeX Font Info:    Font shape `OT1/lmss/m/it' in size <6> not available
(Font)              Font shape `OT1/lmss/m/sl' tried instead on input line 123.

<logos/logo_ugr.png, id=20, 647.2983pt x 180.1932pt>
File: logos/logo_ugr.png Graphic file (type png)
<use logos/logo_ugr.png>
Package pdftex.def Info: logos/logo_ugr.png  used on input line 123.
(pdftex.def)             Requested size: 90.36679pt x 25.15538pt.
<logos/logo_RCG.png, id=22, 421.49416pt x 55.77885pt>
File: logos/logo_RCG.png Graphic file (type png)
<use logos/logo_RCG.png>
Package pdftex.def Info: logos/logo_RCG.png  used on input line 123.
(pdftex.def)             Requested size: 101.66156pt x 13.45273pt.
<logos/logo_easp.png, id=23, 3499.0725pt x 385.44pt>
File: logos/logo_easp.png Graphic file (type png)
<use logos/logo_easp.png>
Package pdftex.def Info: logos/logo_easp.png  used on input line 123.
(pdftex.def)             Requested size: 112.95807pt x 12.43901pt.
<logos/logo_aecc.png, id=24, 194.97844pt x 95.6072pt>
File: logos/logo_aecc.png Graphic file (type png)
<use logos/logo_aecc.png>
Package pdftex.def Info: logos/logo_aecc.png  used on input line 123.
(pdftex.def)             Requested size: 79.0703pt x 38.77174pt.
<logos/logo_ciber.png, id=25, 404.51125pt x 145.54375pt>
File: logos/logo_ciber.png Graphic file (type png)
<use logos/logo_ciber.png>
Package pdftex.def Info: logos/logo_ciber.png  used on input line 123.
(pdftex.def)             Requested size: 79.0703pt x 28.44864pt.

Overfull \vbox (17.2683pt too high) detected at line 123
 []

[1

{C:/Users/dredondo/AppData/Local/MiKTeX/2.9/pdftex/config/pdftex.map} <./logos/
logo_ibs.jpg> <./logos/logo_ugr.png> <./logos/logo_RCG.png> <./logos/logo_easp.
png> <./logos/logo_aecc.png> <./logos/logo_ciber.png>]
<images/foto_perfil.png, id=46, 1292.57906pt x 1083.29718pt>
File: images/foto_perfil.png Graphic file (type png)
<use images/foto_perfil.png>
Package pdftex.def Info: images/foto_perfil.png  used on input line 160.
(pdftex.def)             Requested size: 89.85277pt x 75.29306pt.

Overfull \hbox (4.27895pt too wide) in paragraph at lines 160--160
 [] 
 []

<images/miguel.png, id=47, 890.5772pt x 616.55344pt>
File: images/miguel.png Graphic file (type png)
<use images/miguel.png>
Package pdftex.def Info: images/miguel.png  used on input line 160.
(pdftex.def)             Requested size: 126.65019pt x 87.68102pt.
[2

 <./images/foto_perfil.png> <./images/miguel.png>]
File: logos/logo_aecc.png Graphic file (type png)
<use logos/logo_aecc.png>
Package pdftex.def Info: logos/logo_aecc.png  used on input line 182.
(pdftex.def)             Requested size: 68.45801pt x 33.56804pt.
 [3

]
File: logos/logo_aecc.png Graphic file (type png)
<use logos/logo_aecc.png>
Package pdftex.def Info: logos/logo_aecc.png  used on input line 182.
(pdftex.def)             Requested size: 68.45801pt x 33.56804pt.
 [4

] [5

] [6

] [7

]
[8

] [9

]
<images/registro.jpg, id=100, 578.16pt x 385.44pt>
File: images/registro.jpg Graphic file (type jpg)
<use images/registro.jpg>
Package pdftex.def Info: images/registro.jpg  used on input line 300.
(pdftex.def)             Requested size: 154.03183pt x 102.68806pt.
<images/grupo.jpg, id=101, 1070.42194pt x 713.61462pt>
File: images/grupo.jpg Graphic file (type jpg)
<use images/grupo.jpg>
Package pdftex.def Info: images/grupo.jpg  used on input line 300.
(pdftex.def)             Requested size: 154.03183pt x 102.68202pt.
LaTeX Font Info:    Trying to load font information for OT1+lmtt on input line 
300.

("C:\Users\dredondo\AppData\Local\Programs\MiKTeX 2.9\tex/latex/lm\ot1lmtt.fd"
File: ot1lmtt.fd 2009/10/30 v1.6 Font defs for Latin Modern
) [10

 <./images/registro.jpg> <./images/grupo.jpg>] [11

] [12

]
<images/codigo_mal_comentado.png, id=122, 645.91313pt x 269.50688pt>
File: images/codigo_mal_comentado.png Graphic file (type png)
<use images/codigo_mal_comentado.png>
Package pdftex.def Info: images/codigo_mal_comentado.png  used on input line 34
8.
(pdftex.def)             Requested size: 273.83728pt x 114.2572pt.
 [13

 <./images/codigo_mal_comentado.png>]
<images/codigo_comentado.png, id=131, 581.17125pt x 285.69234pt>
File: images/codigo_comentado.png Graphic file (type png)
<use images/codigo_comentado.png>
Package pdftex.def Info: images/codigo_comentado.png  used on input line 365.
(pdftex.def)             Requested size: 232.75829pt x 114.41876pt.
 [14

 <./images/codigo_comentado.png>]
<logos/google.png, id=139, 1887.64925pt x 615.91298pt>
File: logos/google.png Graphic file (type png)
<use logos/google.png>
Package pdftex.def Info: logos/google.png  used on input line 387.
(pdftex.def)             Requested size: 119.80283pt x 39.08653pt.
<logos/stackoverflow.png, id=140, 1284.8pt x 251.94125pt>
File: logos/stackoverflow.png Graphic file (type png)
<use logos/stackoverflow.png>
Package pdftex.def Info: logos/stackoverflow.png  used on input line 387.
(pdftex.def)             Requested size: 154.03183pt x 30.20088pt.
<images/f1.jpg, id=141, 485.56406pt x 547.2947pt>
File: images/f1.jpg Graphic file (type jpg)
<use images/f1.jpg>
Package pdftex.def Info: images/f1.jpg  used on input line 387.
(pdftex.def)             Requested size: 119.80283pt x 135.02786pt.
 [15

 <./logos/google.png> <./logos/stackoverflow.png> <./images/f1.jpg>]
<images/access.png, id=150, 513.92pt x 513.92pt>
File: images/access.png Graphic file (type png)
<use images/access.png>
Package pdftex.def Info: images/access.png  used on input line 412.
(pdftex.def)             Requested size: 119.80283pt x 119.79883pt.
<images/vba.png, id=151, 501.875pt x 150.5625pt>
File: images/vba.png Graphic file (type png)
<use images/vba.png>
Package pdftex.def Info: images/vba.png  used on input line 412.
(pdftex.def)             Requested size: 136.91862pt x 41.07513pt.
<images/sql.png, id=152, 947.54pt x 983.675pt>
File: images/sql.png Graphic file (type png)
<use images/sql.png>
Package pdftex.def Info: images/sql.png  used on input line 412.
(pdftex.def)             Requested size: 85.57382pt x 88.82712pt.
LaTeX Font Info:    External font `lmex10' loaded for size
(Font)              <20.74> on input line 412.
LaTeX Font Info:    External font `lmex10' loaded for size
(Font)              <14.4> on input line 412.
LaTeX Font Info:    External font `lmex10' loaded for size
(Font)              <12> on input line 412.
LaTeX Font Info:    Font shape `OT1/lmss/m/it' in size <20.74> not available
(Font)              Font shape `OT1/lmss/m/sl' tried instead on input line 412.

LaTeX Font Info:    Font shape `OT1/lmss/m/it' in size <14.4> not available
(Font)              Font shape `OT1/lmss/m/sl' tried instead on input line 412.

LaTeX Font Info:    Font shape `OT1/lmss/m/it' in size <12> not available
(Font)              Font shape `OT1/lmss/m/sl' tried instead on input line 412.


Overfull \hbox (0.17918pt too wide) detected at line 412
[][][] $[]$[][][][][][] \OT1/lmss/bx/n/20.74 +[][] $[]$[][][][][][] 
 []

[16

 <./images/access.png> <./images/vba.png> <./images/sql.png>]
<images/access1.png, id=162, 566.86781pt x 355.3275pt>
File: images/access1.png Graphic file (type png)
<use images/access1.png>
Package pdftex.def Info: images/access1.png  used on input line 421.
(pdftex.def)             Requested size: 308.06367pt x 193.10474pt.
 [17

 <./images/access1.png>]
<images/access2.png, id=170, 561.97453pt x 202.13016pt>
File: images/access2.png Graphic file (type png)
<use images/access2.png>
Package pdftex.def Info: images/access2.png  used on input line 430.
(pdftex.def)             Requested size: 308.06367pt x 110.8018pt.
 [18

 <./images/access2.png>]
<logos/logo_R.png, id=178, 726.715pt x 563.10374pt>
File: logos/logo_R.png Graphic file (type png)
<use logos/logo_R.png>
Package pdftex.def Info: logos/logo_R.png  used on input line 455.
(pdftex.def)             Requested size: 85.57382pt x 66.30646pt.
<images/rstudio.png, id=179, 1027.84pt x 360.34625pt>
File: images/rstudio.png Graphic file (type png)
<use images/rstudio.png>
Package pdftex.def Info: images/rstudio.png  used on input line 455.
(pdftex.def)             Requested size: 119.80283pt x 41.99702pt.
<images/R_paquetes.png, id=180, 895.09406pt x 574.39594pt>
File: images/R_paquetes.png Graphic file (type png)
<use images/R_paquetes.png>
Package pdftex.def Info: images/R_paquetes.png  used on input line 455.
(pdftex.def)             Requested size: 162.58974pt x 104.33337pt.

Overfull \hbox (0.17918pt too wide) detected at line 455
[][][] $[]$[][][][][][] \OT1/lmss/bx/n/20.74 +[][] $[]$[][][][][][] 
 []

[19

 <./logos/logo_R.png> <./images/rstudio.png> <./images/R_paquetes.png>]
<images/r1.png, id=191, 819.06pt x 371.13657pt>
File: images/r1.png Graphic file (type png)
<use images/r1.png>
Package pdftex.def Info: images/r1.png  used on input line 464.
(pdftex.def)             Requested size: 325.17949pt x 147.34769pt.

[20

 <./images/r1.png>]
<images/stata.jpg, id=199, 1017.8025pt x 321.2pt>
File: images/stata.jpg Graphic file (type jpg)
<use images/stata.jpg>
Package pdftex.def Info: images/stata.jpg  used on input line 496.
(pdftex.def)             Requested size: 95.84079pt x 30.24475pt.
<images/qgis.png, id=200, 1204.5pt x 1204.5pt>
File: images/qgis.png Graphic file (type png)
<use images/qgis.png>
Package pdftex.def Info: images/qgis.png  used on input line 496.
(pdftex.def)             Requested size: 54.76556pt x 54.75153pt.
<logos/logo_github.png, id=201, 1284.8pt x 1160.335pt>
File: logos/logo_github.png Graphic file (type png)
<use logos/logo_github.png>
Package pdftex.def Info: logos/logo_github.png  used on input line 496.
(pdftex.def)             Requested size: 82.15044pt x 74.18504pt.
 [21

 <./images/stata.jpg> <./images/qgis.png> <./logos/logo_github.png>]
<images/cop.jpeg, id=210, 1187.43625pt x 746.79pt>
File: images/cop.jpeg Graphic file (type jpg)
<use images/cop.jpeg>
Package pdftex.def Info: images/cop.jpeg  used on input line 509.
(pdftex.def)             Requested size: 205.37926pt x 129.16325pt.
 [22

 <./images/cop.jpeg>]
LaTeX Font Info:    Trying to load font information for OMS+lmss on input line 
527.
LaTeX Font Info:    No file OMSlmss.fd. on input line 527.


LaTeX Font Warning: Font shape `OMS/lmss/m/n' undefined
(Font)              using `OMS/cmsy/m/n' instead
(Font)              for symbol `textbraceleft' on input line 527.

<images/ggplot2.png, id=218, 738.76pt x 856.19875pt>
File: images/ggplot2.png Graphic file (type png)
<use images/ggplot2.png>
Package pdftex.def Info: images/ggplot2.png  used on input line 527.
(pdftex.def)             Requested size: 68.45801pt x 79.32779pt.
[23

 <./images/ggplot2.png>]
<images/25.png, id=228, 578.16pt x 578.16pt>
File: images/25.png Graphic file (type png)
<use images/25.png>
Package pdftex.def Info: images/25.png  used on input line 537.
(pdftex.def)             Requested size: 232.75829pt x 232.75081pt.

Overfull \vbox (6.68005pt too high) detected at line 537
 []

[24

 <./images/25.png>]
<images/26.png, id=236, 578.16pt x 578.16pt>
File: images/26.png Graphic file (type png)
<use images/26.png>
Package pdftex.def Info: images/26.png  used on input line 547.
(pdftex.def)             Requested size: 232.75829pt x 232.75081pt.

Overfull \vbox (6.68005pt too high) detected at line 547
 []

[25

 <./images/26.png>]
<images/5.jpg, id=245, 370.5042pt x 544.6749pt>
File: images/5.jpg Graphic file (type jpg)
<use images/5.jpg>
Package pdftex.def Info: images/5.jpg  used on input line 566.
(pdftex.def)             Requested size: 145.47653pt x 213.86015pt.
<images/16.png, id=246, 578.16pt x 578.16pt>
File: images/16.png Graphic file (type png)
<use images/16.png>
Package pdftex.def Info: images/16.png  used on input line 566.
(pdftex.def)             Requested size: 171.14764pt x 171.14679pt.
 [26

 <./images/5.jpg> <./images/16.png (PNG copy)>]
<images/4.png, id=253, 867.24pt x 578.16pt>
File: images/4.png Graphic file (type png)
<use images/4.png>
Package pdftex.def Info: images/4.png  used on input line 575.
(pdftex.def)             Requested size: 325.17949pt x 216.78299pt.

[27

 <./images/4.png>]
<images/palette.png, id=261, 263.86078pt x 154.70297pt>
File: images/palette.png Graphic file (type png)
<use images/palette.png>
Package pdftex.def Info: images/palette.png  used on input line 587.
(pdftex.def)             Requested size: 273.83728pt x 160.56151pt.
 [28

 <./images/palette.png>]
<images/palette2.png, id=268, 794.97pt x 325.215pt>
File: images/palette2.png Graphic file (type png)
<use images/palette2.png>
Package pdftex.def Info: images/palette2.png  used on input line 607.
(pdftex.def)             Requested size: 342.2953pt x 140.03325pt.
 [29

 <./images/palette2.png (PNG copy)>]
<images/palette3.png, id=275, 794.97pt x 325.215pt>
File: images/palette3.png Graphic file (type png)
<use images/palette3.png>
Package pdftex.def Info: images/palette3.png  used on input line 626.
(pdftex.def)             Requested size: 342.2953pt x 140.03325pt.
 [30

 <./images/palette3.png (PNG copy)>] [31

] [32

]
<images/tendencias0.png, id=296, 670.1838pt x 378.213pt>
File: images/tendencias0.png Graphic file (type png)
<use images/tendencias0.png>
Package pdftex.def Info: images/tendencias0.png  used on input line 663.
(pdftex.def)             Requested size: 342.2953pt x 193.17462pt.
 [33

 <./images/tendencias0.png>]
<images/tendencias1.png, id=304, 670.1838pt x 378.213pt>
File: images/tendencias1.png Graphic file (type png)
<use images/tendencias1.png>
Package pdftex.def Info: images/tendencias1.png  used on input line 674.
(pdftex.def)             Requested size: 342.2953pt x 193.17462pt.
 [34

 <./images/tendencias1.png>]
<images/tendencias_pulmon0.png, id=312, 733.23938pt x 407.27156pt>
File: images/tendencias_pulmon0.png Graphic file (type png)
<use images/tendencias_pulmon0.png>
Package pdftex.def Info: images/tendencias_pulmon0.png  used on input line 685.

(pdftex.def)             Requested size: 342.2953pt x 190.12505pt.
 [35

 <./images/tendencias_pulmon0.png>]
<images/joinpoint.png, id=320, 505.89pt x 408.77719pt>
File: images/joinpoint.png Graphic file (type png)
<use images/joinpoint.png>
Package pdftex.def Info: images/joinpoint.png  used on input line 694.
(pdftex.def)             Requested size: 239.60567pt x 193.6098pt.
 [36

 <./images/joinpoint.png>]
<images/jpo0.png, id=328, 481.04718pt x 324.8386pt>
File: images/jpo0.png Graphic file (type png)
<use images/jpo0.png>
Package pdftex.def Info: images/jpo0.png  used on input line 731.
(pdftex.def)             Requested size: 171.14764pt x 115.57376pt.
<images/jpo5.png, id=329, 477.28313pt x 327.84984pt>
File: images/jpo5.png Graphic file (type png)
<use images/jpo5.png>
Package pdftex.def Info: images/jpo5.png  used on input line 731.
(pdftex.def)             Requested size: 171.14764pt x 117.56061pt.
<images/check.png, id=330, 829.0975pt x 888.31876pt>
File: images/check.png Graphic file (type png)
<use images/check.png>
Package pdftex.def Info: images/check.png  used on input line 731.
(pdftex.def)             Requested size: 68.45801pt x 73.34413pt.
 [37

 <./images/jpo0.png> <./images/jpo5.png> <./images/check.png>]
File: images/jpo0.png Graphic file (type png)
<use images/jpo0.png>
Package pdftex.def Info: images/jpo0.png  used on input line 731.
(pdftex.def)             Requested size: 171.14764pt x 115.57376pt.
File: images/jpo5.png Graphic file (type png)
<use images/jpo5.png>
Package pdftex.def Info: images/jpo5.png  used on input line 731.
(pdftex.def)             Requested size: 171.14764pt x 117.56061pt.
File: images/check.png Graphic file (type png)
<use images/check.png>
Package pdftex.def Info: images/check.png  used on input line 731.
(pdftex.def)             Requested size: 68.45801pt x 73.34413pt.
 [38

]
<images/jpo1.png, id=347, 478.03593pt x 328.22626pt>
File: images/jpo1.png Graphic file (type png)
<use images/jpo1.png>
Package pdftex.def Info: images/jpo1.png  used on input line 766.
(pdftex.def)             Requested size: 171.14764pt x 117.51027pt.
File: images/jpo5.png Graphic file (type png)
<use images/jpo5.png>
Package pdftex.def Info: images/jpo5.png  used on input line 766.
(pdftex.def)             Requested size: 171.14764pt x 117.56061pt.
File: images/check.png Graphic file (type png)
<use images/check.png>
Package pdftex.def Info: images/check.png  used on input line 766.
(pdftex.def)             Requested size: 68.45801pt x 73.34413pt.
 [39

 <./images/jpo1.png>]
File: images/jpo1.png Graphic file (type png)
<use images/jpo1.png>
Package pdftex.def Info: images/jpo1.png  used on input line 766.
(pdftex.def)             Requested size: 171.14764pt x 117.51027pt.
File: images/jpo5.png Graphic file (type png)
<use images/jpo5.png>
Package pdftex.def Info: images/jpo5.png  used on input line 766.
(pdftex.def)             Requested size: 171.14764pt x 117.56061pt.
File: images/check.png Graphic file (type png)
<use images/check.png>
Package pdftex.def Info: images/check.png  used on input line 766.
(pdftex.def)             Requested size: 68.45801pt x 73.34413pt.
 [40

]
File: images/jpo1.png Graphic file (type png)
<use images/jpo1.png>
Package pdftex.def Info: images/jpo1.png  used on input line 801.
(pdftex.def)             Requested size: 171.14764pt x 117.51027pt.
<images/jpo4.png, id=361, 476.53032pt x 329.35547pt>
File: images/jpo4.png Graphic file (type png)
<use images/jpo4.png>
Package pdftex.def Info: images/jpo4.png  used on input line 801.
(pdftex.def)             Requested size: 171.14764pt x 118.29146pt.
File: images/check.png Graphic file (type png)
<use images/check.png>
Package pdftex.def Info: images/check.png  used on input line 801.
(pdftex.def)             Requested size: 68.45801pt x 73.34413pt.
 [41

 <./images/jpo4.png>]
File: images/jpo1.png Graphic file (type png)
<use images/jpo1.png>
Package pdftex.def Info: images/jpo1.png  used on input line 801.
(pdftex.def)             Requested size: 171.14764pt x 117.51027pt.
File: images/jpo4.png Graphic file (type png)
<use images/jpo4.png>
Package pdftex.def Info: images/jpo4.png  used on input line 801.
(pdftex.def)             Requested size: 171.14764pt x 118.29146pt.
File: images/check.png Graphic file (type png)
<use images/check.png>
Package pdftex.def Info: images/check.png  used on input line 801.
(pdftex.def)             Requested size: 68.45801pt x 73.34413pt.
 [42

]
File: images/jpo1.png Graphic file (type png)
<use images/jpo1.png>
Package pdftex.def Info: images/jpo1.png  used on input line 836.
(pdftex.def)             Requested size: 171.14764pt x 117.51027pt.
<images/jpo3.png, id=375, 478.78876pt x 324.08578pt>
File: images/jpo3.png Graphic file (type png)
<use images/jpo3.png>
Package pdftex.def Info: images/jpo3.png  used on input line 836.
(pdftex.def)             Requested size: 171.14764pt x 115.84494pt.
File: images/check.png Graphic file (type png)
<use images/check.png>
Package pdftex.def Info: images/check.png  used on input line 836.
(pdftex.def)             Requested size: 68.45801pt x 73.34413pt.
 [43

 <./images/jpo3.png>]
File: images/jpo1.png Graphic file (type png)
<use images/jpo1.png>
Package pdftex.def Info: images/jpo1.png  used on input line 836.
(pdftex.def)             Requested size: 171.14764pt x 117.51027pt.
File: images/jpo3.png Graphic file (type png)
<use images/jpo3.png>
Package pdftex.def Info: images/jpo3.png  used on input line 836.
(pdftex.def)             Requested size: 171.14764pt x 115.84494pt.
File: images/check.png Graphic file (type png)
<use images/check.png>
Package pdftex.def Info: images/check.png  used on input line 836.
(pdftex.def)             Requested size: 68.45801pt x 73.34413pt.
 [44

]
File: images/jpo1.png Graphic file (type png)
<use images/jpo1.png>
Package pdftex.def Info: images/jpo1.png  used on input line 872.
(pdftex.def)             Requested size: 171.14764pt x 117.51027pt.
<images/jpo2.png, id=390, 481.4236pt x 327.47343pt>
File: images/jpo2.png Graphic file (type png)
<use images/jpo2.png>
Package pdftex.def Info: images/jpo2.png  used on input line 872.
(pdftex.def)             Requested size: 171.14764pt x 116.41628pt.
File: images/check.png Graphic file (type png)
<use images/check.png>
Package pdftex.def Info: images/check.png  used on input line 872.
(pdftex.def)             Requested size: 68.45801pt x 73.34413pt.
 [45

 <./images/jpo2.png>]
File: images/jpo1.png Graphic file (type png)
<use images/jpo1.png>
Package pdftex.def Info: images/jpo1.png  used on input line 872.
(pdftex.def)             Requested size: 171.14764pt x 117.51027pt.
File: images/jpo2.png Graphic file (type png)
<use images/jpo2.png>
Package pdftex.def Info: images/jpo2.png  used on input line 872.
(pdftex.def)             Requested size: 171.14764pt x 116.41628pt.
File: images/check.png Graphic file (type png)
<use images/check.png>
Package pdftex.def Info: images/check.png  used on input line 872.
(pdftex.def)             Requested size: 68.45801pt x 73.34413pt.
 [46

]
<images/jpo6.png, id=404, 375.65344pt x 91.09032pt>
File: images/jpo6.png Graphic file (type png)
<use images/jpo6.png>
Package pdftex.def Info: images/jpo6.png  used on input line 881.
(pdftex.def)             Requested size: 273.83728pt x 66.40501pt.
 [47

 <./images/jpo6.png>]
<images/tendencias_pulmon1.png, id=412, 733.23938pt x 414.79968pt>
File: images/tendencias_pulmon1.png Graphic file (type png)
<use images/tendencias_pulmon1.png>
Package pdftex.def Info: images/tendencias_pulmon1.png  used on input line 892.

(pdftex.def)             Requested size: 342.2953pt x 193.63937pt.
 [48

 <./images/tendencias_pulmon1.png>] [49

]
<images/proyecciones0.png, id=427, 709.90219pt x 456.20438pt>
File: images/proyecciones0.png Graphic file (type png)
<use images/proyecciones0.png>
Package pdftex.def Info: images/proyecciones0.png  used on input line 914.
(pdftex.def)             Requested size: 308.06367pt x 197.97394pt.
 [50

 <./images/proyecciones0.png>]
<images/proyecciones1.png, id=436, 712.16063pt x 461.47406pt>
File: images/proyecciones1.png Graphic file (type png)
<use images/proyecciones1.png>
Package pdftex.def Info: images/proyecciones1.png  used on input line 927.
(pdftex.def)             Requested size: 308.06367pt x 199.61998pt.

Overfull \vbox (5.73677pt too high) detected at line 927
 []

[51

 <./images/proyecciones1.png>]
File: images/proyecciones1.png Graphic file (type png)
<use images/proyecciones1.png>
Package pdftex.def Info: images/proyecciones1.png  used on input line 940.
(pdftex.def)             Requested size: 308.06367pt x 199.61998pt.

Overfull \vbox (5.73677pt too high) detected at line 940
 []

[52

]
File: images/proyecciones1.png Graphic file (type png)
<use images/proyecciones1.png>
Package pdftex.def Info: images/proyecciones1.png  used on input line 953.
(pdftex.def)             Requested size: 308.06367pt x 199.61998pt.

Overfull \vbox (5.73677pt too high) detected at line 953
 []

[53

]
File: images/proyecciones1.png Graphic file (type png)
<use images/proyecciones1.png>
Package pdftex.def Info: images/proyecciones1.png  used on input line 966.
(pdftex.def)             Requested size: 308.06367pt x 199.61998pt.

Overfull \vbox (5.73677pt too high) detected at line 966
 []

[54

] [55

]
<images/granada.png, id=472, 10840.5pt x 10840.5pt>
File: images/granada.png Graphic file (type png)
<use images/granada.png>
Package pdftex.def Info: images/granada.png  used on input line 1003.
(pdftex.def)             Requested size: 154.03183pt x 153.99904pt.
LaTeX Font Info:    External font `lmex10' loaded for size
(Font)              <24.88> on input line 1003.
LaTeX Font Info:    External font `lmex10' loaded for size
(Font)              <17.28> on input line 1003.
LaTeX Font Info:    Font shape `OT1/lmss/m/it' in size <24.88> not available
(Font)              Font shape `OT1/lmss/m/sl' tried instead on input line 1003
.
LaTeX Font Info:    Font shape `OT1/lmss/m/it' in size <17.28> not available
(Font)              Font shape `OT1/lmss/m/sl' tried instead on input line 1003
.
<images/andalucia.png, id=473, 10840.5pt x 10840.5pt>
File: images/andalucia.png Graphic file (type png)
<use images/andalucia.png>
Package pdftex.def Info: images/andalucia.png  used on input line 1003.
(pdftex.def)             Requested size: 154.03183pt x 153.99904pt.

Overfull \hbox (8.17926pt too wide) detected at line 1003
[][][] $[]$[][][][][][][] $\OMS/lmsy/m/n/24.88 )$[][] $[]$[][][][][][] 
 []

[56

 <./images/granada.png> <./images/andalucia.png>]
File: images/granada.png Graphic file (type png)
<use images/granada.png>
Package pdftex.def Info: images/granada.png  used on input line 1003.
(pdftex.def)             Requested size: 154.03183pt x 153.99904pt.
File: images/andalucia.png Graphic file (type png)
<use images/andalucia.png>
Package pdftex.def Info: images/andalucia.png  used on input line 1003.
(pdftex.def)             Requested size: 154.03183pt x 153.99904pt.

Overfull \hbox (8.17926pt too wide) detected at line 1003
[][][] $[]$[][][][][][][][] $\OMS/lmsy/m/n/24.88 )$[][] $[]$[][][][][][] 
 []

[57

]
<images/estimaciones_hombres.png, id=488, 495.35063pt x 393.72093pt>
File: images/estimaciones_hombres.png Graphic file (type png)
<use images/estimaciones_hombres.png>
Package pdftex.def Info: images/estimaciones_hombres.png  used on input line 10
22.
(pdftex.def)             Requested size: 171.14764pt x 136.03212pt.
<images/estimaciones_mujeres.png, id=489, 491.58656pt x 391.4625pt>
File: images/estimaciones_mujeres.png Graphic file (type png)
<use images/estimaciones_mujeres.png>
Package pdftex.def Info: images/estimaciones_mujeres.png  used on input line 10
22.
(pdftex.def)             Requested size: 171.14764pt x 136.28519pt.
 [58

 <./images/estimaciones_hombres.png> <./images/estimaciones_mujeres.png>]
<images/estimaciones_hombres2.png, id=498, 581.17125pt x 426.84468pt>
File: images/estimaciones_hombres2.png Graphic file (type png)
<use images/estimaciones_hombres2.png>
Package pdftex.def Info: images/estimaciones_hombres2.png  used on input line 1
041.
(pdftex.def)             Requested size: 167.72395pt x 123.18257pt.
<images/estimaciones_mujeres2.png, id=499, 640.64343pt x 434.37282pt>
File: images/estimaciones_mujeres2.png Graphic file (type png)
<use images/estimaciones_mujeres2.png>
Package pdftex.def Info: images/estimaciones_mujeres2.png  used on input line 1
041.
(pdftex.def)             Requested size: 174.57132pt x 118.36258pt.

Overfull \hbox (3.42368pt too wide) in paragraph at lines 1041--1041
 [] 
 []

[59

 <./images/estimaciones_hombres2.png> <./images/estimaciones_mujeres2.png>]
<images/tfm_matematicas.png, id=508, 420.06938pt x 429.85594pt>
File: images/tfm_matematicas.png Graphic file (type png)
<use images/tfm_matematicas.png>
Package pdftex.def Info: images/tfm_matematicas.png  used on input line 1060.
(pdftex.def)             Requested size: 136.91603pt x 140.10162pt.
<images/tfm_matematicas2.png, id=509, 697.10437pt x 307.1475pt>
File: images/tfm_matematicas2.png Graphic file (type png)
<use images/tfm_matematicas2.png>
Package pdftex.def Info: images/tfm_matematicas2.png  used on input line 1060.
(pdftex.def)             Requested size: 205.37926pt x 90.49055pt.

[60

 <./images/tfm_matematicas.png> <./images/tfm_matematicas2.png>] [61

]
<images/06_logo_knowseq.png, id=525, 428.0793pt x 560.5743pt>
File: images/06_logo_knowseq.png Graphic file (type png)
<use images/06_logo_knowseq.png>
Package pdftex.def Info: images/06_logo_knowseq.png  used on input line 1094.
(pdftex.def)             Requested size: 51.3422pt x 67.2318pt.

[62

 <./images/06_logo_knowseq.png>]
<images/liver.jpg, id=534, 1144.275pt x 752.8125pt>
File: images/liver.jpg Graphic file (type jpg)
<use images/liver.jpg>
Package pdftex.def Info: images/liver.jpg  used on input line 1109.
(pdftex.def)             Requested size: 222.48985pt x 146.36708pt.
 [63

 <./images/liver.jpg>]
<images/07_higado_biclase_sankey.png, id=541, 2409.0pt x 2107.875pt>
File: images/07_higado_biclase_sankey.png Graphic file (type png)
<use images/07_higado_biclase_sankey.png>
Package pdftex.def Info: images/07_higado_biclase_sankey.png  used on input lin
e 1118.
(pdftex.def)             Requested size: 256.72147pt x 224.63017pt.

Overfull \vbox (3.55942pt too high) detected at line 1118
 []

[64

 <./images/07_higado_biclase_sankey.png>]
<images/16_higado_biclase_43_knn_boxplots_mejor_metodo.png, id=549, 3914.625pt 
x 2409.0pt>
File: images/16_higado_biclase_43_knn_boxplots_mejor_metodo.png Graphic file (t
ype png)
<use images/16_higado_biclase_43_knn_boxplots_mejor_metodo.png>
Package pdftex.def Info: images/16_higado_biclase_43_knn_boxplots_mejor_metodo.
png  used on input line 1127.
(pdftex.def)             Requested size: 308.06367pt x 189.56271pt.
 [65

 <./images/16_higado_biclase_43_knn_boxplots_mejor_metodo.png>]
<images/17_higado_biclase_18_svm_matriz_confusion_mejor_metodo.png, id=557, 385
5.40375pt x 1577.895pt>
File: images/17_higado_biclase_18_svm_matriz_confusion_mejor_metodo.png Graphic
 file (type png)
<use images/17_higado_biclase_18_svm_matriz_confusion_mejor_metodo.png>
Package pdftex.def Info: images/17_higado_biclase_18_svm_matriz_confusion_mejor
_metodo.png  used on input line 1137.
(pdftex.def)             Requested size: 308.06367pt x 126.06564pt.
 [66

 <./images/17_higado_biclase_18_svm_matriz_confusion_mejor_metodo.png>]
<images/cr.png, id=565, 401.5pt x 392.46625pt>
File: images/cr.png Graphic file (type png)
<use images/cr.png>
Package pdftex.def Info: images/cr.png  used on input line 1152.
(pdftex.def)             Requested size: 136.91603pt x 133.83798pt.
 [67

 <./images/cr.png>]
<images/35_cr_multiclase_05_sankey.png, id=574, 2409.0pt x 2107.875pt>
File: images/35_cr_multiclase_05_sankey.png Graphic file (type png)
<use images/35_cr_multiclase_05_sankey.png>
Package pdftex.def Info: images/35_cr_multiclase_05_sankey.png  used on input l
ine 1161.
(pdftex.def)             Requested size: 256.72147pt x 224.63017pt.

Overfull \vbox (3.55942pt too high) detected at line 1161
 []

[68

 <./images/35_cr_multiclase_05_sankey.png>]
<images/38_cr_multiclase_24_rf_boxplots_mejor_metodo.png, id=582, 3914.625pt x 
2409.0pt>
File: images/38_cr_multiclase_24_rf_boxplots_mejor_metodo.png Graphic file (typ
e png)
<use images/38_cr_multiclase_24_rf_boxplots_mejor_metodo.png>
Package pdftex.def Info: images/38_cr_multiclase_24_rf_boxplots_mejor_metodo.pn
g  used on input line 1170.
(pdftex.def)             Requested size: 308.06367pt x 189.56271pt.
 [69

 <./images/38_cr_multiclase_24_rf_boxplots_mejor_metodo.png>]
<images/40_cr_multiclase_25_rf_matriz_confusion_mejor_metodo.png, id=590, 3914.
625pt x 2409.0pt>
File: images/40_cr_multiclase_25_rf_matriz_confusion_mejor_metodo.png Graphic f
ile (type png)
<use images/40_cr_multiclase_25_rf_matriz_confusion_mejor_metodo.png>
Package pdftex.def Info: images/40_cr_multiclase_25_rf_matriz_confusion_mejor_m
etodo.png  used on input line 1180.
(pdftex.def)             Requested size: 308.06367pt x 189.56271pt.
 [70

 <./images/40_cr_multiclase_25_rf_matriz_confusion_mejor_metodo.png>] [71

]
<images/mapa_3.png, id=604, 647.04234pt x 513.79453pt>
File: images/mapa_3.png Graphic file (type png)
<use images/mapa_3.png>
Package pdftex.def Info: images/mapa_3.png  used on input line 1203.
(pdftex.def)             Requested size: 256.72147pt x 203.85211pt.
 [72

 <./images/mapa_3.png>]
<images/mapa_0.png, id=612, 869.49844pt x 248.42813pt>
File: images/mapa_0.png Graphic file (type png)
<use images/mapa_0.png>
Package pdftex.def Info: images/mapa_0.png  used on input line 1226.
(pdftex.def)             Requested size: 273.83728pt x 78.24011pt.
<images/mapa_1.png, id=613, 380.17032pt x 253.69781pt>
File: images/mapa_1.png Graphic file (type png)
<use images/mapa_1.png>
Package pdftex.def Info: images/mapa_1.png  used on input line 1226.
(pdftex.def)             Requested size: 154.03183pt x 102.78963pt.
<images/mapa_2.png, id=614, 260.47313pt x 331.99031pt>
File: images/mapa_2.png Graphic file (type png)
<use images/mapa_2.png>
Package pdftex.def Info: images/mapa_2.png  used on input line 1226.
(pdftex.def)             Requested size: 102.68962pt x 130.88397pt.
 [73

 <./images/mapa_0.png> <./images/mapa_1.png> <./images/mapa_2.png>]
<images/03_lung_ebs_zoom.png, id=625, 537.32745pt x 225.12105pt>
File: images/03_lung_ebs_zoom.png Graphic file (type png)
<use images/03_lung_ebs_zoom.png>
Package pdftex.def Info: images/03_lung_ebs_zoom.png  used on input line 1236.
(pdftex.def)             Requested size: 308.06367pt x 129.06917pt.
 [74

 <./images/03_lung_ebs_zoom.png>]
<images/maps_DI_zoom.png, id=633, 530.28113pt x 208.1376pt>
File: images/maps_DI_zoom.png Graphic file (type png)
<use images/maps_DI_zoom.png>
Package pdftex.def Info: images/maps_DI_zoom.png  used on input line 1246.
(pdftex.def)             Requested size: 308.06367pt x 120.91997pt.
 [75

 <./images/maps_DI_zoom.png>]
<images/nivel_socioeconomico.jpeg, id=641, 776.1798pt x 524.4393pt>
File: images/nivel_socioeconomico.jpeg Graphic file (type jpg)
<use images/nivel_socioeconomico.jpeg>
Package pdftex.def Info: images/nivel_socioeconomico.jpeg  used on input line 1
256.
(pdftex.def)             Requested size: 308.06367pt x 208.14754pt.
 [76

 <./images/nivel_socioeconomico.jpeg>] [77

] [78

]
<images/covid1.png, id=661, 503.63156pt x 253.69781pt>
File: images/covid1.png Graphic file (type png)
<use images/covid1.png>
Package pdftex.def Info: images/covid1.png  used on input line 1290.
(pdftex.def)             Requested size: 308.06367pt x 155.18126pt.
 [79

 <./images/covid1.png>]
<images/covid2.png, id=670, 462.22687pt x 268.00125pt>
File: images/covid2.png Graphic file (type png)
<use images/covid2.png>
Package pdftex.def Info: images/covid2.png  used on input line 1299.
(pdftex.def)             Requested size: 308.06367pt x 178.61934pt.
 [80

 <./images/covid2.png>]
<images/homeopatia1.png, id=678, 639.89063pt x 477.28313pt>
File: images/homeopatia1.png Graphic file (type png)
<use images/homeopatia1.png>
Package pdftex.def Info: images/homeopatia1.png  used on input line 1308.
(pdftex.def)             Requested size: 290.9531pt x 217.0185pt.
 [81

 <./images/homeopatia1.png>]
<images/homeopatia2.png, id=686, 643.6547pt x 481.8pt>
File: images/homeopatia2.png Graphic file (type png)
<use images/homeopatia2.png>
Package pdftex.def Info: images/homeopatia2.png  used on input line 1317.
(pdftex.def)             Requested size: 290.9531pt x 217.7931pt.
 [82

 <./images/homeopatia2.png>]
<images/INE_r.png, id=694, 697.8572pt x 502.87875pt>
File: images/INE_r.png Graphic file (type png)
<use images/INE_r.png>
Package pdftex.def Info: images/INE_r.png  used on input line 1326.
(pdftex.def)             Requested size: 273.83728pt x 197.32663pt.
 [83

 <./images/INE_r.png>]
<images/INE_r2.png, id=702, 699.36281pt x 292.09125pt>
File: images/INE_r2.png Graphic file (type png)
<use images/INE_r2.png>
Package pdftex.def Info: images/INE_r2.png  used on input line 1338.
(pdftex.def)             Requested size: 308.06367pt x 128.66315pt.
<images/INE_r3.png, id=703, 345.54094pt x 110.66344pt>
File: images/INE_r3.png Graphic file (type png)
<use images/INE_r3.png>
Package pdftex.def Info: images/INE_r3.png  used on input line 1338.
(pdftex.def)             Requested size: 239.60567pt x 76.73776pt.
[84

 <./images/INE_r2.png> <./images/INE_r3.png>] [85

]
\openout4 = `estadistica_2021.vrb'.

 (estadistica_2021.vrb
File: logos/logo_ibs.jpg Graphic file (type jpg)
<use logos/logo_ibs.jpg>
Package pdftex.def Info: logos/logo_ibs.jpg  used on input line 5.
(pdftex.def)             Requested size: 101.66156pt x 17.90477pt.
File: logos/logo_ugr.png Graphic file (type png)
<use logos/logo_ugr.png>
Package pdftex.def Info: logos/logo_ugr.png  used on input line 11.
(pdftex.def)             Requested size: 90.36679pt x 25.15538pt.
File: logos/logo_RCG.png Graphic file (type png)
<use logos/logo_RCG.png>
Package pdftex.def Info: logos/logo_RCG.png  used on input line 17.
(pdftex.def)             Requested size: 101.66156pt x 13.45273pt.
File: logos/logo_easp.png Graphic file (type png)
<use logos/logo_easp.png>
Package pdftex.def Info: logos/logo_easp.png  used on input line 25.
(pdftex.def)             Requested size: 112.95807pt x 12.43901pt.
File: logos/logo_aecc.png Graphic file (type png)
<use logos/logo_aecc.png>
Package pdftex.def Info: logos/logo_aecc.png  used on input line 31.
(pdftex.def)             Requested size: 79.0703pt x 38.77174pt.
File: logos/logo_ciber.png Graphic file (type png)
<use logos/logo_ciber.png>
Package pdftex.def Info: logos/logo_ciber.png  used on input line 37.
(pdftex.def)             Requested size: 79.0703pt x 28.44864pt.
)
[86

]
\tf@nav=\write7
\openout7 = `estadistica_2021.nav'.

\tf@toc=\write8
\openout8 = `estadistica_2021.toc'.

\tf@snm=\write9
\openout9 = `estadistica_2021.snm'.

Package atveryend Info: Empty hook `BeforeClearDocument' on input line 1444.
Package atveryend Info: Empty hook `AfterLastShipout' on input line 1444.
 (estadistica_2021.aux)
Package atveryend Info: Executing hook `AtVeryEndDocument' on input line 1444.
Package atveryend Info: Executing hook `AtEndAfterFileList' on input line 1444.

Package rerunfilecheck Info: File `estadistica_2021.out' has not changed.
(rerunfilecheck)             Checksum: D41D8CD98F00B204E9800998ECF8427E;0.


LaTeX Font Warning: Some font shapes were not available, defaults substituted.

 ) 
Here is how much of TeX's memory you used:
 22749 strings out of 480896
 456011 string characters out of 2896717
 676912 words of memory out of 3000000
 37811 multiletter control sequences out of 15000+200000
 605956 words of font info for 86 fonts, out of 3000000 for 9000
 1141 hyphenation exceptions out of 8191
 58i,16n,67p,806b,754s stack positions out of 5000i,500n,10000p,200000b,50000s
{C:/Users/dredondo/AppData/Local/Programs/MiKTeX 2.9/fonts/enc/dvips/lm/lm-rm
.enc}{C:/Users/dredondo/AppData/Local/Programs/MiKTeX 2.9/fonts/enc/dvips/lm/lm
-mathex.enc}{C:/Users/dredondo/AppData/Local/Programs/MiKTeX 2.9/fonts/enc/dvip
s/lm/lm-mathit.enc}{C:/Users/dredondo/AppData/Local/Programs/MiKTeX 2.9/fonts/e
nc/dvips/lm/lm-mathsy.enc}{C:/Users/dredondo/AppData/Local/Programs/MiKTeX 2.9/
fonts/enc/dvips/lm/lm-rmtt.enc}{C:/Users/dredondo/AppData/Local/Programs/MiKTeX
 2.9/fonts/enc/dvips/lm/lm-ts1.enc}<C:/Users/dredondo/AppData/Local/Programs/Mi
KTeX 2.9/fonts/type1/public/amsfonts/cm/cmsy10.pfb><C:/Users/dredondo/AppData/L
ocal/Programs/MiKTeX 2.9/fonts/type1/public/lm/lmex10.pfb><C:/Users/dredondo/Ap
pData/Local/Programs/MiKTeX 2.9/fonts/type1/public/lm/lmmi10.pfb><C:/Users/dred
ondo/AppData/Local/Programs/MiKTeX 2.9/fonts/type1/public/lm/lmss10.pfb><C:/Use
rs/dredondo/AppData/Local/Programs/MiKTeX 2.9/fonts/type1/public/lm/lmss12.pfb>
<C:/Users/dredondo/AppData/Local/Programs/MiKTeX 2.9/fonts/type1/public/lm/lmss
17.pfb><C:/Users/dredondo/AppData/Local/Programs/MiKTeX 2.9/fonts/type1/public/
lm/lmss8.pfb><C:/Users/dredondo/AppData/Local/Programs/MiKTeX 2.9/fonts/type1/p
ublic/lm/lmss9.pfb><C:/Users/dredondo/AppData/Local/Programs/MiKTeX 2.9/fonts/t
ype1/public/lm/lmssbx10.pfb><C:/Users/dredondo/AppData/Local/Programs/MiKTeX 2.
9/fonts/type1/public/lm/lmsso10.pfb><C:/Users/dredondo/AppData/Local/Programs/M
iKTeX 2.9/fonts/type1/public/lm/lmsso8.pfb><C:/Users/dredondo/AppData/Local/Pro
grams/MiKTeX 2.9/fonts/type1/public/lm/lmsy10.pfb><C:/Users/dredondo/AppData/Lo
cal/Programs/MiKTeX 2.9/fonts/type1/public/lm/lmtt10.pfb><C:/Users/dredondo/App
Data/Local/Programs/MiKTeX 2.9/fonts/type1/public/lm/lmtti10.pfb>
Output written on estadistica_2021.pdf (86 pages, 23537089 bytes).
PDF statistics:
 815 PDF objects out of 1000 (max. 8388607)
 173 named destinations out of 1000 (max. 500000)
 482 words of extra memory for PDF output out of 10000 (max. 10000000)

